{"C:\\Users\\k-aliyu\\Documents\\GitHub\\stellarAid-api\\src\\app.controller.ts": {"path":"C:\\Users\\k-aliyu\\Documents\\GitHub\\stellarAid-api\\src\\app.controller.ts","statementMap":{"0":{"start":{"line":1,"column":0},"end":{"line":1,"column":49}},"1":{"start":{"line":2,"column":0},"end":{"line":2,"column":43}},"2":{"start":{"line":5,"column":7},"end":{"line":12,"column":null}},"3":{"start":{"line":6,"column":31},"end":{"line":6,"column":43}},"4":{"start":{"line":10,"column":4},"end":{"line":10,"column":38}},"5":{"start":{"line":5,"column":13},"end":{"line":5,"column":26}},"6":{"start":{"line":9,"column":2},"end":{"line":11,"column":null}},"7":{"start":{"line":5,"column":13},"end":{"line":12,"column":null}}},"fnMap":{"0":{"name":"(anonymous_2)","decl":{"start":{"line":6,"column":2},"end":{"line":6,"column":31}},"loc":{"start":{"line":6,"column":53},"end":{"line":6,"column":57}}},"1":{"name":"(anonymous_3)","decl":{"start":{"line":9,"column":2},"end":{"line":9,"column":10}},"loc":{"start":{"line":9,"column":10},"end":{"line":11,"column":3}}}},"branchMap":{"0":{"loc":{"start":{"line":6,"column":43},"end":{"line":6,"column":56}},"type":"cond-expr","locations":[{"start":{"line":6,"column":53},"end":{"line":6,"column":56}},{"start":{"line":6,"column":53},"end":{"line":6,"column":56}}]},"1":{"loc":{"start":{"line":6,"column":43},"end":{"line":6,"column":53}},"type":"binary-expr","locations":[{"start":{"line":6,"column":43},"end":{"line":6,"column":56}},{"start":{"line":6,"column":43},"end":{"line":6,"column":53}}]}},"s":{"0":0,"1":0,"2":0,"3":0,"4":0,"5":0,"6":0,"7":0},"f":{"0":0,"1":0},"b":{"0":[0,0],"1":[0,0]}}
,"C:\\Users\\k-aliyu\\Documents\\GitHub\\stellarAid-api\\src\\app.module.ts": {"path":"C:\\Users\\k-aliyu\\Documents\\GitHub\\stellarAid-api\\src\\app.module.ts","statementMap":{"0":{"start":{"line":1,"column":0},"end":{"line":1,"column":40}},"1":{"start":{"line":2,"column":0},"end":{"line":2,"column":49}},"2":{"start":{"line":3,"column":0},"end":{"line":3,"column":43}},"3":{"start":{"line":4,"column":0},"end":{"line":4,"column":46}},"4":{"start":{"line":5,"column":0},"end":{"line":5,"column":60}},"5":{"start":{"line":6,"column":0},"end":{"line":6,"column":48}},"6":{"start":{"line":7,"column":0},"end":{"line":7,"column":51}},"7":{"start":{"line":8,"column":0},"end":{"line":8,"column":46}},"8":{"start":{"line":9,"column":0},"end":{"line":9,"column":54}},"9":{"start":{"line":10,"column":0},"end":{"line":10,"column":60}},"10":{"start":{"line":11,"column":0},"end":{"line":11,"column":48}},"11":{"start":{"line":12,"column":0},"end":{"line":12,"column":63}},"12":{"start":{"line":33,"column":7},"end":{"line":33,"column":null}},"13":{"start":{"line":33,"column":13},"end":{"line":33,"column":22}},"14":{"start":{"line":33,"column":13},"end":{"line":33,"column":null}}},"fnMap":{},"branchMap":{},"s":{"0":0,"1":0,"2":0,"3":0,"4":0,"5":0,"6":0,"7":0,"8":0,"9":0,"10":0,"11":0,"12":0,"13":0,"14":0},"f":{},"b":{}}
,"C:\\Users\\k-aliyu\\Documents\\GitHub\\stellarAid-api\\src\\app.service.ts": {"path":"C:\\Users\\k-aliyu\\Documents\\GitHub\\stellarAid-api\\src\\app.service.ts","statementMap":{"0":{"start":{"line":1,"column":0},"end":{"line":1,"column":44}},"1":{"start":{"line":4,"column":7},"end":{"line":8,"column":null}},"2":{"start":{"line":6,"column":4},"end":{"line":6,"column":26}},"3":{"start":{"line":4,"column":13},"end":{"line":4,"column":23}},"4":{"start":{"line":4,"column":13},"end":{"line":8,"column":null}}},"fnMap":{"0":{"name":"(anonymous_1)","decl":{"start":{"line":5,"column":2},"end":{"line":5,"column":10}},"loc":{"start":{"line":5,"column":10},"end":{"line":7,"column":3}}}},"branchMap":{},"s":{"0":0,"1":0,"2":0,"3":0,"4":0},"f":{"0":0},"b":{}}
,"C:\\Users\\k-aliyu\\Documents\\GitHub\\stellarAid-api\\src\\main.ts": {"path":"C:\\Users\\k-aliyu\\Documents\\GitHub\\stellarAid-api\\src\\main.ts","statementMap":{"0":{"start":{"line":1,"column":0},"end":{"line":1,"column":43}},"1":{"start":{"line":2,"column":0},"end":{"line":2,"column":41}},"2":{"start":{"line":3,"column":0},"end":{"line":3,"column":48}},"3":{"start":{"line":4,"column":0},"end":{"line":4,"column":56}},"4":{"start":{"line":5,"column":0},"end":{"line":5,"column":65}},"5":{"start":{"line":8,"column":2},"end":{"line":86,"column":3}},"6":{"start":{"line":9,"column":16},"end":{"line":9,"column":51}},"7":{"start":{"line":11,"column":4},"end":{"line":20,"column":6}},"8":{"start":{"line":23,"column":19},"end":{"line":23,"column":41}},"9":{"start":{"line":27,"column":6},"end":{"line":28,"column":43}},"10":{"start":{"line":29,"column":4},"end":{"line":67,"column":5}},"11":{"start":{"line":30,"column":21},"end":{"line":50,"column":16}},"12":{"start":{"line":52,"column":23},"end":{"line":52,"column":64}},"13":{"start":{"line":53,"column":6},"end":{"line":58,"column":9}},"14":{"start":{"line":61,"column":6},"end":{"line":63,"column":9}},"15":{"start":{"line":62,"column":8},"end":{"line":62,"column":27}},"16":{"start":{"line":65,"column":6},"end":{"line":65,"column":53}},"17":{"start":{"line":66,"column":6},"end":{"line":66,"column":60}},"18":{"start":{"line":69,"column":4},"end":{"line":69,"column":47}},"19":{"start":{"line":71,"column":4},"end":{"line":73,"column":6}},"20":{"start":{"line":76,"column":4},"end":{"line":84,"column":5}},"21":{"start":{"line":77,"column":21},"end":{"line":77,"column":56}},"22":{"start":{"line":78,"column":24},"end":{"line":78,"column":49}},"23":{"start":{"line":79,"column":6},"end":{"line":79,"column":68}},"24":{"start":{"line":83,"column":6},"end":{"line":83,"column":66}},"25":{"start":{"line":85,"column":4},"end":{"line":85,"column":20}},"26":{"start":{"line":88,"column":0},"end":{"line":88,"column":12}}},"fnMap":{"0":{"name":"bootstrap","decl":{"start":{"line":7,"column":15},"end":{"line":7,"column":24}},"loc":{"start":{"line":7,"column":24},"end":{"line":87,"column":1}}},"1":{"name":"(anonymous_1)","decl":{"start":{"line":61,"column":28},"end":{"line":61,"column":29}},"loc":{"start":{"line":61,"column":41},"end":{"line":63,"column":7}}}},"branchMap":{"0":{"loc":{"start":{"line":27,"column":6},"end":{"line":28,"column":43}},"type":"binary-expr","locations":[{"start":{"line":27,"column":6},"end":{"line":27,"column":43}},{"start":{"line":28,"column":6},"end":{"line":28,"column":43}}]},"1":{"loc":{"start":{"line":29,"column":4},"end":{"line":67,"column":5}},"type":"if","locations":[{"start":{"line":29,"column":4},"end":{"line":67,"column":5}},{"start":{},"end":{}}]},"2":{"loc":{"start":{"line":69,"column":21},"end":{"line":69,"column":45}},"type":"binary-expr","locations":[{"start":{"line":69,"column":21},"end":{"line":69,"column":37}},{"start":{"line":69,"column":41},"end":{"line":69,"column":45}}]},"3":{"loc":{"start":{"line":72,"column":50},"end":{"line":72,"column":74}},"type":"binary-expr","locations":[{"start":{"line":72,"column":50},"end":{"line":72,"column":66}},{"start":{"line":72,"column":70},"end":{"line":72,"column":74}}]}},"s":{"0":0,"1":0,"2":0,"3":0,"4":0,"5":0,"6":0,"7":0,"8":0,"9":0,"10":0,"11":0,"12":0,"13":0,"14":0,"15":0,"16":0,"17":0,"18":0,"19":0,"20":0,"21":0,"22":0,"23":0,"24":0,"25":0,"26":0},"f":{"0":0,"1":0},"b":{"0":[0,0],"1":[0,0],"2":[0,0],"3":[0,0]}}
,"C:\\Users\\k-aliyu\\Documents\\GitHub\\stellarAid-api\\src\\auth\\auth.controller.ts": {"path":"C:\\Users\\k-aliyu\\Documents\\GitHub\\stellarAid-api\\src\\auth\\auth.controller.ts","statementMap":{"0":{"start":{"line":1,"column":0},"end":{"line":1,"column":null}},"1":{"start":{"line":11,"column":0},"end":{"line":11,"column":45}},"2":{"start":{"line":12,"column":0},"end":{"line":12,"column":null}},"3":{"start":{"line":23,"column":0},"end":{"line":23,"column":49}},"4":{"start":{"line":24,"column":0},"end":{"line":24,"column":43}},"5":{"start":{"line":25,"column":0},"end":{"line":25,"column":56}},"6":{"start":{"line":26,"column":0},"end":{"line":26,"column":70}},"7":{"start":{"line":27,"column":0},"end":{"line":27,"column":58}},"8":{"start":{"line":28,"column":0},"end":{"line":28,"column":58}},"9":{"start":{"line":29,"column":0},"end":{"line":29,"column":55}},"10":{"start":{"line":34,"column":7},"end":{"line":131,"column":null}},"11":{"start":{"line":35,"column":31},"end":{"line":35,"column":44}},"12":{"start":{"line":48,"column":4},"end":{"line":48,"column":50}},"13":{"start":{"line":65,"column":4},"end":{"line":65,"column":49}},"14":{"start":{"line":80,"column":4},"end":{"line":80,"column":20}},"15":{"start":{"line":96,"column":4},"end":{"line":96,"column":56}},"16":{"start":{"line":112,"column":4},"end":{"line":112,"column":70}},"17":{"start":{"line":129,"column":4},"end":{"line":129,"column":58}},"18":{"start":{"line":34,"column":13},"end":{"line":34,"column":27}},"19":{"start":{"line":47,"column":8},"end":{"line":49,"column":null}},"20":{"start":{"line":61,"column":8},"end":{"line":66,"column":null}},"21":{"start":{"line":79,"column":8},"end":{"line":81,"column":null}},"22":{"start":{"line":93,"column":8},"end":{"line":97,"column":null}},"23":{"start":{"line":109,"column":8},"end":{"line":113,"column":null}},"24":{"start":{"line":126,"column":8},"end":{"line":130,"column":null}},"25":{"start":{"line":34,"column":13},"end":{"line":131,"column":null}}},"fnMap":{"0":{"name":"(anonymous_4)","decl":{"start":{"line":35,"column":2},"end":{"line":35,"column":31}},"loc":{"start":{"line":35,"column":55},"end":{"line":35,"column":59}}},"1":{"name":"(anonymous_5)","decl":{"start":{"line":47,"column":8},"end":{"line":47,"column":16}},"loc":{"start":{"line":47,"column":49},"end":{"line":49,"column":3}}},"2":{"name":"(anonymous_6)","decl":{"start":{"line":61,"column":8},"end":{"line":61,"column":13}},"loc":{"start":{"line":63,"column":18},"end":{"line":66,"column":3}}},"3":{"name":"(anonymous_7)","decl":{"start":{"line":79,"column":8},"end":{"line":79,"column":18}},"loc":{"start":{"line":79,"column":33},"end":{"line":81,"column":3}}},"4":{"name":"(anonymous_8)","decl":{"start":{"line":93,"column":8},"end":{"line":93,"column":19}},"loc":{"start":{"line":94,"column":42},"end":{"line":97,"column":3}}},"5":{"name":"(anonymous_9)","decl":{"start":{"line":109,"column":8},"end":{"line":109,"column":26}},"loc":{"start":{"line":110,"column":56},"end":{"line":113,"column":3}}},"6":{"name":"(anonymous_10)","decl":{"start":{"line":126,"column":8},"end":{"line":126,"column":20}},"loc":{"start":{"line":127,"column":44},"end":{"line":130,"column":3}}}},"branchMap":{"0":{"loc":{"start":{"line":47,"column":38},"end":{"line":47,"column":52}},"type":"cond-expr","locations":[{"start":{"line":47,"column":49},"end":{"line":47,"column":52}},{"start":{"line":47,"column":49},"end":{"line":47,"column":52}}]},"1":{"loc":{"start":{"line":47,"column":38},"end":{"line":47,"column":49}},"type":"binary-expr","locations":[{"start":{"line":47,"column":38},"end":{"line":47,"column":52}},{"start":{"line":47,"column":38},"end":{"line":47,"column":49}}]},"2":{"loc":{"start":{"line":47,"column":52},"end":{"line":47,"column":null}},"type":"cond-expr","locations":[{"start":{"line":47,"column":59},"end":{"line":47,"column":null}},{"start":{"line":47,"column":59},"end":{"line":47,"column":null}}]},"3":{"loc":{"start":{"line":47,"column":52},"end":{"line":47,"column":59}},"type":"binary-expr","locations":[{"start":{"line":47,"column":52},"end":{"line":47,"column":null}},{"start":{"line":47,"column":52},"end":{"line":47,"column":59}}]},"4":{"loc":{"start":{"line":62,"column":22},"end":{"line":62,"column":null}},"type":"cond-expr","locations":[{"start":{"line":62,"column":30},"end":{"line":62,"column":null}},{"start":{"line":62,"column":30},"end":{"line":62,"column":null}}]},"5":{"loc":{"start":{"line":62,"column":22},"end":{"line":62,"column":30}},"type":"binary-expr","locations":[{"start":{"line":62,"column":22},"end":{"line":62,"column":null}},{"start":{"line":62,"column":22},"end":{"line":62,"column":30}}]},"6":{"loc":{"start":{"line":64,"column":5},"end":{"line":64,"column":null}},"type":"cond-expr","locations":[{"start":{"line":64,"column":12},"end":{"line":64,"column":null}},{"start":{"line":64,"column":12},"end":{"line":64,"column":null}}]},"7":{"loc":{"start":{"line":64,"column":5},"end":{"line":64,"column":12}},"type":"binary-expr","locations":[{"start":{"line":64,"column":5},"end":{"line":64,"column":null}},{"start":{"line":64,"column":5},"end":{"line":64,"column":12}}]},"8":{"loc":{"start":{"line":94,"column":28},"end":{"line":94,"column":null}},"type":"cond-expr","locations":[{"start":{"line":94,"column":42},"end":{"line":94,"column":null}},{"start":{"line":94,"column":42},"end":{"line":94,"column":null}}]},"9":{"loc":{"start":{"line":94,"column":28},"end":{"line":94,"column":42}},"type":"binary-expr","locations":[{"start":{"line":94,"column":28},"end":{"line":94,"column":null}},{"start":{"line":94,"column":28},"end":{"line":94,"column":42}}]},"10":{"loc":{"start":{"line":95,"column":5},"end":{"line":95,"column":null}},"type":"cond-expr","locations":[{"start":{"line":95,"column":12},"end":{"line":95,"column":null}},{"start":{"line":95,"column":12},"end":{"line":95,"column":null}}]},"11":{"loc":{"start":{"line":95,"column":5},"end":{"line":95,"column":12}},"type":"binary-expr","locations":[{"start":{"line":95,"column":5},"end":{"line":95,"column":null}},{"start":{"line":95,"column":5},"end":{"line":95,"column":12}}]},"12":{"loc":{"start":{"line":110,"column":35},"end":{"line":110,"column":null}},"type":"cond-expr","locations":[{"start":{"line":110,"column":56},"end":{"line":110,"column":null}},{"start":{"line":110,"column":56},"end":{"line":110,"column":null}}]},"13":{"loc":{"start":{"line":110,"column":35},"end":{"line":110,"column":56}},"type":"binary-expr","locations":[{"start":{"line":110,"column":35},"end":{"line":110,"column":null}},{"start":{"line":110,"column":35},"end":{"line":110,"column":56}}]},"14":{"loc":{"start":{"line":111,"column":5},"end":{"line":111,"column":null}},"type":"cond-expr","locations":[{"start":{"line":111,"column":12},"end":{"line":111,"column":null}},{"start":{"line":111,"column":12},"end":{"line":111,"column":null}}]},"15":{"loc":{"start":{"line":111,"column":5},"end":{"line":111,"column":12}},"type":"binary-expr","locations":[{"start":{"line":111,"column":5},"end":{"line":111,"column":null}},{"start":{"line":111,"column":5},"end":{"line":111,"column":12}}]},"16":{"loc":{"start":{"line":127,"column":29},"end":{"line":127,"column":null}},"type":"cond-expr","locations":[{"start":{"line":127,"column":44},"end":{"line":127,"column":null}},{"start":{"line":127,"column":44},"end":{"line":127,"column":null}}]},"17":{"loc":{"start":{"line":127,"column":29},"end":{"line":127,"column":44}},"type":"binary-expr","locations":[{"start":{"line":127,"column":29},"end":{"line":127,"column":null}},{"start":{"line":127,"column":29},"end":{"line":127,"column":44}}]},"18":{"loc":{"start":{"line":128,"column":5},"end":{"line":128,"column":null}},"type":"cond-expr","locations":[{"start":{"line":128,"column":12},"end":{"line":128,"column":null}},{"start":{"line":128,"column":12},"end":{"line":128,"column":null}}]},"19":{"loc":{"start":{"line":128,"column":5},"end":{"line":128,"column":12}},"type":"binary-expr","locations":[{"start":{"line":128,"column":5},"end":{"line":128,"column":null}},{"start":{"line":128,"column":5},"end":{"line":128,"column":12}}]},"20":{"loc":{"start":{"line":35,"column":44},"end":{"line":35,"column":58}},"type":"cond-expr","locations":[{"start":{"line":35,"column":55},"end":{"line":35,"column":58}},{"start":{"line":35,"column":55},"end":{"line":35,"column":58}}]},"21":{"loc":{"start":{"line":35,"column":44},"end":{"line":35,"column":55}},"type":"binary-expr","locations":[{"start":{"line":35,"column":44},"end":{"line":35,"column":58}},{"start":{"line":35,"column":44},"end":{"line":35,"column":55}}]}},"s":{"0":1,"1":1,"2":1,"3":1,"4":1,"5":1,"6":1,"7":1,"8":1,"9":1,"10":1,"11":13,"12":2,"13":2,"14":2,"15":2,"16":2,"17":3,"18":1,"19":1,"20":1,"21":1,"22":1,"23":1,"24":1,"25":1},"f":{"0":13,"1":2,"2":2,"3":2,"4":2,"5":2,"6":3},"b":{"0":[1,0],"1":[1,1],"2":[1,0],"3":[1,1],"4":[1,0],"5":[1,1],"6":[1,0],"7":[1,1],"8":[1,0],"9":[1,1],"10":[1,0],"11":[1,1],"12":[1,0],"13":[1,1],"14":[1,0],"15":[1,1],"16":[1,0],"17":[1,1],"18":[1,0],"19":[1,1],"20":[1,0],"21":[1,1]}}
,"C:\\Users\\k-aliyu\\Documents\\GitHub\\stellarAid-api\\src\\auth\\auth.module.ts": {"path":"C:\\Users\\k-aliyu\\Documents\\GitHub\\stellarAid-api\\src\\auth\\auth.module.ts","statementMap":{"0":{"start":{"line":1,"column":0},"end":{"line":1,"column":null}},"1":{"start":{"line":7,"column":0},"end":{"line":7,"column":51}},"2":{"start":{"line":8,"column":0},"end":{"line":8,"column":50}},"3":{"start":{"line":9,"column":0},"end":{"line":9,"column":40}},"4":{"start":{"line":10,"column":0},"end":{"line":10,"column":61}},"5":{"start":{"line":11,"column":0},"end":{"line":11,"column":41}},"6":{"start":{"line":12,"column":0},"end":{"line":12,"column":48}},"7":{"start":{"line":13,"column":0},"end":{"line":13,"column":53}},"8":{"start":{"line":15,"column":0},"end":{"line":15,"column":56}},"9":{"start":{"line":16,"column":0},"end":{"line":16,"column":93}},"10":{"start":{"line":17,"column":0},"end":{"line":17,"column":63}},"11":{"start":{"line":18,"column":0},"end":{"line":18,"column":55}},"12":{"start":{"line":43,"column":7},"end":{"line":49,"column":null}},"13":{"start":{"line":45,"column":4},"end":{"line":47,"column":59}},"14":{"start":{"line":43,"column":13},"end":{"line":43,"column":23}},"15":{"start":{"line":43,"column":13},"end":{"line":49,"column":null}},"16":{"start":{"line":27,"column":46},"end":{"line":32,"column":8}}},"fnMap":{"0":{"name":"(anonymous_1)","decl":{"start":{"line":44,"column":2},"end":{"line":44,"column":11}},"loc":{"start":{"line":44,"column":40},"end":{"line":48,"column":3}}},"1":{"name":"(anonymous_2)","decl":{"start":{"line":27,"column":18},"end":{"line":27,"column":19}},"loc":{"start":{"line":27,"column":46},"end":{"line":32,"column":8}}}},"branchMap":{},"s":{"0":0,"1":0,"2":0,"3":0,"4":0,"5":0,"6":0,"7":0,"8":0,"9":0,"10":0,"11":0,"12":0,"13":0,"14":0,"15":0,"16":0},"f":{"0":0,"1":0},"b":{}}
,"C:\\Users\\k-aliyu\\Documents\\GitHub\\stellarAid-api\\src\\auth\\dto\\auth-response.dto.ts": {"path":"C:\\Users\\k-aliyu\\Documents\\GitHub\\stellarAid-api\\src\\auth\\dto\\auth-response.dto.ts","statementMap":{"0":{"start":{"line":1,"column":0},"end":{"line":1,"column":46}},"1":{"start":{"line":2,"column":0},"end":{"line":2,"column":59}},"2":{"start":{"line":4,"column":0},"end":{"line":4,"column":13}},"3":{"start":{"line":10,"column":2},"end":{"line":10,"column":null}},"4":{"start":{"line":17,"column":2},"end":{"line":17,"column":null}},"5":{"start":{"line":23,"column":2},"end":{"line":23,"column":null}},"6":{"start":{"line":29,"column":2},"end":{"line":29,"column":null}},"7":{"start":{"line":35,"column":2},"end":{"line":35,"column":null}},"8":{"start":{"line":42,"column":2},"end":{"line":42,"column":null}},"9":{"start":{"line":48,"column":2},"end":{"line":48,"column":null}},"10":{"start":{"line":51,"column":0},"end":{"line":51,"column":13}},"11":{"start":{"line":56,"column":2},"end":{"line":56,"column":null}},"12":{"start":{"line":62,"column":2},"end":{"line":62,"column":null}},"13":{"start":{"line":68,"column":2},"end":{"line":68,"column":null}}},"fnMap":{},"branchMap":{"0":{"loc":{"start":{"line":42,"column":8},"end":{"line":42,"column":17}},"type":"cond-expr","locations":[{"start":{"line":42,"column":16},"end":{"line":42,"column":17}},{"start":{"line":42,"column":16},"end":{"line":42,"column":17}}]},"1":{"loc":{"start":{"line":42,"column":8},"end":{"line":42,"column":16}},"type":"binary-expr","locations":[{"start":{"line":42,"column":8},"end":{"line":42,"column":17}},{"start":{"line":42,"column":8},"end":{"line":42,"column":16}}]}},"s":{"0":1,"1":1,"2":1,"3":1,"4":1,"5":1,"6":1,"7":1,"8":1,"9":1,"10":1,"11":1,"12":1,"13":1},"f":{},"b":{"0":[0,1],"1":[1,1]}}
,"C:\\Users\\k-aliyu\\Documents\\GitHub\\stellarAid-api\\src\\auth\\dto\\login.dto.ts": {"path":"C:\\Users\\k-aliyu\\Documents\\GitHub\\stellarAid-api\\src\\auth\\dto\\login.dto.ts","statementMap":{"0":{"start":{"line":1,"column":0},"end":{"line":1,"column":64}},"1":{"start":{"line":2,"column":0},"end":{"line":2,"column":46}},"2":{"start":{"line":4,"column":0},"end":{"line":4,"column":13}},"3":{"start":{"line":12,"column":2},"end":{"line":12,"column":null}},"4":{"start":{"line":21,"column":2},"end":{"line":21,"column":null}}},"fnMap":{},"branchMap":{},"s":{"0":1,"1":1,"2":1,"3":1,"4":1},"f":{},"b":{}}
,"C:\\Users\\k-aliyu\\Documents\\GitHub\\stellarAid-api\\src\\auth\\dto\\refresh-token.dto.ts": {"path":"C:\\Users\\k-aliyu\\Documents\\GitHub\\stellarAid-api\\src\\auth\\dto\\refresh-token.dto.ts","statementMap":{"0":{"start":{"line":1,"column":0},"end":{"line":1,"column":55}},"1":{"start":{"line":2,"column":0},"end":{"line":2,"column":46}},"2":{"start":{"line":4,"column":0},"end":{"line":4,"column":13}},"3":{"start":{"line":11,"column":2},"end":{"line":11,"column":null}}},"fnMap":{},"branchMap":{},"s":{"0":1,"1":1,"2":1,"3":1},"f":{},"b":{}}
,"C:\\Users\\k-aliyu\\Documents\\GitHub\\stellarAid-api\\src\\auth\\dto\\register.dto.ts": {"path":"C:\\Users\\k-aliyu\\Documents\\GitHub\\stellarAid-api\\src\\auth\\dto\\register.dto.ts","statementMap":{"0":{"start":{"line":1,"column":0},"end":{"line":1,"column":null}},"1":{"start":{"line":10,"column":0},"end":{"line":10,"column":67}},"2":{"start":{"line":11,"column":0},"end":{"line":11,"column":59}},"3":{"start":{"line":13,"column":0},"end":{"line":13,"column":13}},"4":{"start":{"line":21,"column":2},"end":{"line":21,"column":null}},"5":{"start":{"line":39,"column":2},"end":{"line":39,"column":null}},"6":{"start":{"line":48,"column":2},"end":{"line":48,"column":null}},"7":{"start":{"line":57,"column":2},"end":{"line":57,"column":null}},"8":{"start":{"line":66,"column":2},"end":{"line":66,"column":null}},"9":{"start":{"line":75,"column":2},"end":{"line":75,"column":null}}},"fnMap":{},"branchMap":{"0":{"loc":{"start":{"line":75,"column":9},"end":{"line":75,"column":18}},"type":"cond-expr","locations":[{"start":{"line":75,"column":17},"end":{"line":75,"column":18}},{"start":{"line":75,"column":17},"end":{"line":75,"column":18}}]},"1":{"loc":{"start":{"line":75,"column":9},"end":{"line":75,"column":17}},"type":"binary-expr","locations":[{"start":{"line":75,"column":9},"end":{"line":75,"column":18}},{"start":{"line":75,"column":9},"end":{"line":75,"column":17}}]}},"s":{"0":1,"1":1,"2":1,"3":1,"4":1,"5":1,"6":1,"7":1,"8":1,"9":1},"f":{},"b":{"0":[0,1],"1":[1,1]}}
,"C:\\Users\\k-aliyu\\Documents\\GitHub\\stellarAid-api\\src\\auth\\dto\\resend-verification.dto.ts": {"path":"C:\\Users\\k-aliyu\\Documents\\GitHub\\stellarAid-api\\src\\auth\\dto\\resend-verification.dto.ts","statementMap":{"0":{"start":{"line":1,"column":0},"end":{"line":1,"column":54}},"1":{"start":{"line":2,"column":0},"end":{"line":2,"column":46}},"2":{"start":{"line":4,"column":0},"end":{"line":4,"column":13}},"3":{"start":{"line":12,"column":2},"end":{"line":12,"column":null}}},"fnMap":{},"branchMap":{},"s":{"0":1,"1":1,"2":1,"3":1},"f":{},"b":{}}
,"C:\\Users\\k-aliyu\\Documents\\GitHub\\stellarAid-api\\src\\auth\\dto\\verify-email.dto.ts": {"path":"C:\\Users\\k-aliyu\\Documents\\GitHub\\stellarAid-api\\src\\auth\\dto\\verify-email.dto.ts","statementMap":{"0":{"start":{"line":1,"column":0},"end":{"line":1,"column":55}},"1":{"start":{"line":2,"column":0},"end":{"line":2,"column":46}},"2":{"start":{"line":4,"column":0},"end":{"line":4,"column":13}},"3":{"start":{"line":11,"column":2},"end":{"line":11,"column":null}}},"fnMap":{},"branchMap":{},"s":{"0":1,"1":1,"2":1,"3":1},"f":{},"b":{}}
,"C:\\Users\\k-aliyu\\Documents\\GitHub\\stellarAid-api\\src\\auth\\providers\\auth.service.ts": {"path":"C:\\Users\\k-aliyu\\Documents\\GitHub\\stellarAid-api\\src\\auth\\providers\\auth.service.ts","statementMap":{"0":{"start":{"line":1,"column":0},"end":{"line":1,"column":null}},"1":{"start":{"line":11,"column":0},"end":{"line":11,"column":41}},"2":{"start":{"line":12,"column":0},"end":{"line":12,"column":51}},"3":{"start":{"line":13,"column":0},"end":{"line":13,"column":37}},"4":{"start":{"line":14,"column":0},"end":{"line":14,"column":33}},"5":{"start":{"line":15,"column":0},"end":{"line":15,"column":33}},"6":{"start":{"line":16,"column":0},"end":{"line":16,"column":47}},"7":{"start":{"line":17,"column":0},"end":{"line":17,"column":54}},"8":{"start":{"line":21,"column":0},"end":{"line":21,"column":59}},"9":{"start":{"line":27,"column":0},"end":{"line":27,"column":61}},"10":{"start":{"line":32,"column":24},"end":{"line":495,"column":null}},"11":{"start":{"line":33,"column":28},"end":{"line":33,"column":56}},"12":{"start":{"line":37,"column":12},"end":{"line":37,"column":28}},"13":{"start":{"line":38,"column":12},"end":{"line":38,"column":24}},"14":{"start":{"line":39,"column":12},"end":{"line":39,"column":27}},"15":{"start":{"line":47,"column":17},"end":{"line":47,"column":77}},"16":{"start":{"line":48,"column":4},"end":{"line":50,"column":5}},"17":{"start":{"line":49,"column":6},"end":{"line":49,"column":52}},"18":{"start":{"line":52,"column":27},"end":{"line":54,"column":null}},"19":{"start":{"line":56,"column":4},"end":{"line":58,"column":5}},"20":{"start":{"line":57,"column":6},"end":{"line":57,"column":71}},"21":{"start":{"line":61,"column":23},"end":{"line":61,"column":25}},"22":{"start":{"line":62,"column":19},"end":{"line":62,"column":71}},"23":{"start":{"line":65,"column":4},"end":{"line":65,"column":27}},"24":{"start":{"line":66,"column":4},"end":{"line":66,"column":33}},"25":{"start":{"line":67,"column":4},"end":{"line":67,"column":41}},"26":{"start":{"line":70,"column":4},"end":{"line":85,"column":5}},"27":{"start":{"line":71,"column":6},"end":{"line":80,"column":7}},"28":{"start":{"line":76,"column":8},"end":{"line":79,"column":10}},"29":{"start":{"line":84,"column":6},"end":{"line":84,"column":64}},"30":{"start":{"line":87,"column":4},"end":{"line":87,"column":56}},"31":{"start":{"line":92,"column":25},"end":{"line":94,"column":6}},"32":{"start":{"line":96,"column":4},"end":{"line":98,"column":5}},"33":{"start":{"line":97,"column":6},"end":{"line":97,"column":73}},"34":{"start":{"line":100,"column":23},"end":{"line":100,"column":25}},"35":{"start":{"line":101,"column":27},"end":{"line":101,"column":78}},"36":{"start":{"line":103,"column":17},"end":{"line":108,"column":6}},"37":{"start":{"line":110,"column":4},"end":{"line":110,"column":41}},"38":{"start":{"line":114,"column":4},"end":{"line":114,"column":67}},"39":{"start":{"line":116,"column":4},"end":{"line":116,"column":37}},"40":{"start":{"line":124,"column":17},"end":{"line":126,"column":6}},"41":{"start":{"line":128,"column":4},"end":{"line":130,"column":5}},"42":{"start":{"line":129,"column":6},"end":{"line":129,"column":61}},"43":{"start":{"line":132,"column":28},"end":{"line":134,"column":null}},"44":{"start":{"line":136,"column":4},"end":{"line":138,"column":5}},"45":{"start":{"line":137,"column":6},"end":{"line":137,"column":61}},"46":{"start":{"line":142,"column":4},"end":{"line":142,"column":66}},"47":{"start":{"line":144,"column":4},"end":{"line":144,"column":37}},"48":{"start":{"line":149,"column":32},"end":{"line":154,"column":6}},"49":{"start":{"line":156,"column":40},"end":{"line":165,"column":6}},"50":{"start":{"line":168,"column":23},"end":{"line":168,"column":25}},"51":{"start":{"line":169,"column":4},"end":{"line":169,"column":72}},"52":{"start":{"line":170,"column":4},"end":{"line":170,"column":41}},"53":{"start":{"line":172,"column":4},"end":{"line":184,"column":6}},"54":{"start":{"line":189,"column":17},"end":{"line":191,"column":6}},"55":{"start":{"line":192,"column":4},"end":{"line":194,"column":5}},"56":{"start":{"line":193,"column":6},"end":{"line":193,"column":40}},"57":{"start":{"line":195,"column":4},"end":{"line":195,"column":16}},"58":{"start":{"line":203,"column":17},"end":{"line":205,"column":6}},"59":{"start":{"line":207,"column":4},"end":{"line":209,"column":5}},"60":{"start":{"line":208,"column":6},"end":{"line":208,"column":77}},"61":{"start":{"line":211,"column":4},"end":{"line":216,"column":5}},"62":{"start":{"line":215,"column":6},"end":{"line":215,"column":70}},"63":{"start":{"line":218,"column":4},"end":{"line":218,"column":32}},"64":{"start":{"line":219,"column":4},"end":{"line":219,"column":39}},"65":{"start":{"line":220,"column":4},"end":{"line":220,"column":45}},"66":{"start":{"line":221,"column":4},"end":{"line":221,"column":41}},"67":{"start":{"line":223,"column":4},"end":{"line":223,"column":54}},"68":{"start":{"line":230,"column":17},"end":{"line":232,"column":6}},"69":{"start":{"line":234,"column":4},"end":{"line":236,"column":5}},"70":{"start":{"line":235,"column":6},"end":{"line":235,"column":52}},"71":{"start":{"line":238,"column":4},"end":{"line":240,"column":5}},"72":{"start":{"line":239,"column":6},"end":{"line":239,"column":65}},"73":{"start":{"line":243,"column":4},"end":{"line":243,"column":52}},"74":{"start":{"line":248,"column":17},"end":{"line":248,"column":72}},"75":{"start":{"line":251,"column":4},"end":{"line":256,"column":5}},"76":{"start":{"line":252,"column":6},"end":{"line":255,"column":8}},"77":{"start":{"line":258,"column":21},"end":{"line":258,"column":59}},"78":{"start":{"line":259,"column":22},"end":{"line":259,"column":60}},"79":{"start":{"line":260,"column":23},"end":{"line":260,"column":25}},"80":{"start":{"line":261,"column":26},"end":{"line":261,"column":66}},"81":{"start":{"line":263,"column":4},"end":{"line":263,"column":47}},"82":{"start":{"line":264,"column":4},"end":{"line":264,"column":48}},"83":{"start":{"line":265,"column":4},"end":{"line":265,"column":74}},"84":{"start":{"line":266,"column":4},"end":{"line":266,"column":41}},"85":{"start":{"line":268,"column":18},"end":{"line":268,"column":44}},"86":{"start":{"line":270,"column":4},"end":{"line":285,"column":5}},"87":{"start":{"line":271,"column":6},"end":{"line":280,"column":7}},"88":{"start":{"line":275,"column":8},"end":{"line":279,"column":10}},"89":{"start":{"line":284,"column":6},"end":{"line":284,"column":63}},"90":{"start":{"line":287,"column":4},"end":{"line":290,"column":6}},"91":{"start":{"line":298,"column":18},"end":{"line":298,"column":34}},"92":{"start":{"line":299,"column":4},"end":{"line":301,"column":5}},"93":{"start":{"line":300,"column":6},"end":{"line":300,"column":53}},"94":{"start":{"line":303,"column":34},"end":{"line":303,"column":39}},"95":{"start":{"line":304,"column":17},"end":{"line":306,"column":6}},"96":{"start":{"line":307,"column":4},"end":{"line":313,"column":5}},"97":{"start":{"line":312,"column":6},"end":{"line":312,"column":64}},"98":{"start":{"line":315,"column":4},"end":{"line":317,"column":5}},"99":{"start":{"line":316,"column":6},"end":{"line":316,"column":64}},"100":{"start":{"line":319,"column":20},"end":{"line":321,"column":null}},"101":{"start":{"line":323,"column":4},"end":{"line":325,"column":5}},"102":{"start":{"line":324,"column":6},"end":{"line":324,"column":64}},"103":{"start":{"line":328,"column":23},"end":{"line":328,"column":25}},"104":{"start":{"line":329,"column":19},"end":{"line":329,"column":61}},"105":{"start":{"line":330,"column":4},"end":{"line":330,"column":27}},"106":{"start":{"line":331,"column":4},"end":{"line":331,"column":43}},"107":{"start":{"line":332,"column":4},"end":{"line":332,"column":39}},"108":{"start":{"line":333,"column":4},"end":{"line":333,"column":41}},"109":{"start":{"line":335,"column":4},"end":{"line":335,"column":33}},"110":{"start":{"line":336,"column":4},"end":{"line":336,"column":41}},"111":{"start":{"line":338,"column":4},"end":{"line":353,"column":5}},"112":{"start":{"line":340,"column":6},"end":{"line":350,"column":7}},"113":{"start":{"line":346,"column":8},"end":{"line":349,"column":10}},"114":{"start":{"line":352,"column":6},"end":{"line":352,"column":65}},"115":{"start":{"line":355,"column":4},"end":{"line":355,"column":54}},"116":{"start":{"line":363,"column":17},"end":{"line":363,"column":77}},"117":{"start":{"line":364,"column":4},"end":{"line":366,"column":5}},"118":{"start":{"line":365,"column":6},"end":{"line":365,"column":52}},"119":{"start":{"line":368,"column":4},"end":{"line":368,"column":39}},"120":{"start":{"line":369,"column":4},"end":{"line":369,"column":48}},"121":{"start":{"line":370,"column":4},"end":{"line":370,"column":37}},"122":{"start":{"line":371,"column":4},"end":{"line":371,"column":35}},"123":{"start":{"line":372,"column":4},"end":{"line":372,"column":41}},"124":{"start":{"line":374,"column":4},"end":{"line":388,"column":5}},"125":{"start":{"line":376,"column":6},"end":{"line":385,"column":7}},"126":{"start":{"line":381,"column":8},"end":{"line":384,"column":10}},"127":{"start":{"line":387,"column":6},"end":{"line":387,"column":62}},"128":{"start":{"line":390,"column":4},"end":{"line":390,"column":61}},"129":{"start":{"line":398,"column":17},"end":{"line":398,"column":77}},"130":{"start":{"line":399,"column":4},"end":{"line":401,"column":5}},"131":{"start":{"line":400,"column":6},"end":{"line":400,"column":52}},"132":{"start":{"line":403,"column":22},"end":{"line":403,"column":36}},"133":{"start":{"line":404,"column":4},"end":{"line":404,"column":38}},"134":{"start":{"line":406,"column":4},"end":{"line":411,"column":5}},"135":{"start":{"line":407,"column":6},"end":{"line":407,"column":38}},"136":{"start":{"line":408,"column":6},"end":{"line":408,"column":37}},"137":{"start":{"line":409,"column":11},"end":{"line":411,"column":5}},"138":{"start":{"line":410,"column":6},"end":{"line":410,"column":76}},"139":{"start":{"line":413,"column":4},"end":{"line":413,"column":41}},"140":{"start":{"line":415,"column":4},"end":{"line":432,"column":5}},"141":{"start":{"line":417,"column":6},"end":{"line":429,"column":7}},"142":{"start":{"line":423,"column":8},"end":{"line":428,"column":10}},"143":{"start":{"line":431,"column":6},"end":{"line":431,"column":66}},"144":{"start":{"line":434,"column":4},"end":{"line":434,"column":68}},"145":{"start":{"line":441,"column":4},"end":{"line":493,"column":5}},"146":{"start":{"line":443,"column":22},"end":{"line":445,"column":8}},"147":{"start":{"line":448,"column":19},"end":{"line":450,"column":8}},"148":{"start":{"line":451,"column":6},"end":{"line":453,"column":7}},"149":{"start":{"line":452,"column":8},"end":{"line":452,"column":65}},"150":{"start":{"line":456,"column":6},"end":{"line":461,"column":7}},"151":{"start":{"line":457,"column":8},"end":{"line":459,"column":10}},"152":{"start":{"line":460,"column":8},"end":{"line":460,"column":65}},"153":{"start":{"line":463,"column":27},"end":{"line":465,"column":null}},"154":{"start":{"line":467,"column":6},"end":{"line":475,"column":7}},"155":{"start":{"line":469,"column":8},"end":{"line":471,"column":10}},"156":{"start":{"line":472,"column":8},"end":{"line":472,"column":37}},"157":{"start":{"line":473,"column":8},"end":{"line":473,"column":45}},"158":{"start":{"line":474,"column":8},"end":{"line":474,"column":65}},"159":{"start":{"line":478,"column":24},"end":{"line":478,"column":55}},"160":{"start":{"line":482,"column":6},"end":{"line":482,"column":74}},"161":{"start":{"line":484,"column":6},"end":{"line":484,"column":23}},"162":{"start":{"line":486,"column":6},"end":{"line":491,"column":7}},"163":{"start":{"line":490,"column":8},"end":{"line":490,"column":76}},"164":{"start":{"line":492,"column":6},"end":{"line":492,"column":18}},"165":{"start":{"line":32,"column":13},"end":{"line":32,"column":24}},"166":{"start":{"line":32,"column":13},"end":{"line":495,"column":null}}},"fnMap":{"0":{"name":"(anonymous_13)","decl":{"start":{"line":35,"column":2},"end":{"line":35,"column":null}},"loc":{"start":{"line":39,"column":40},"end":{"line":40,"column":6}}},"1":{"name":"(anonymous_14)","decl":{"start":{"line":43,"column":9},"end":{"line":43,"column":14}},"loc":{"start":{"line":45,"column":32},"end":{"line":88,"column":3}}},"2":{"name":"(anonymous_15)","decl":{"start":{"line":91,"column":9},"end":{"line":91,"column":14}},"loc":{"start":{"line":91,"column":48},"end":{"line":117,"column":3}}},"3":{"name":"(anonymous_16)","decl":{"start":{"line":120,"column":9},"end":{"line":120,"column":14}},"loc":{"start":{"line":122,"column":17},"end":{"line":145,"column":3}}},"4":{"name":"(anonymous_17)","decl":{"start":{"line":148,"column":9},"end":{"line":148,"column":14}},"loc":{"start":{"line":148,"column":40},"end":{"line":185,"column":3}}},"5":{"name":"(anonymous_18)","decl":{"start":{"line":188,"column":9},"end":{"line":188,"column":14}},"loc":{"start":{"line":188,"column":47},"end":{"line":196,"column":3}}},"6":{"name":"(anonymous_19)","decl":{"start":{"line":199,"column":9},"end":{"line":199,"column":14}},"loc":{"start":{"line":200,"column":34},"end":{"line":224,"column":3}}},"7":{"name":"(anonymous_20)","decl":{"start":{"line":227,"column":9},"end":{"line":227,"column":14}},"loc":{"start":{"line":228,"column":48},"end":{"line":244,"column":3}}},"8":{"name":"(anonymous_21)","decl":{"start":{"line":247,"column":9},"end":{"line":247,"column":14}},"loc":{"start":{"line":247,"column":43},"end":{"line":291,"column":3}}},"9":{"name":"(anonymous_22)","decl":{"start":{"line":294,"column":9},"end":{"line":294,"column":14}},"loc":{"start":{"line":296,"column":23},"end":{"line":356,"column":3}}},"10":{"name":"(anonymous_23)","decl":{"start":{"line":359,"column":9},"end":{"line":359,"column":14}},"loc":{"start":{"line":361,"column":27},"end":{"line":391,"column":3}}},"11":{"name":"(anonymous_24)","decl":{"start":{"line":394,"column":9},"end":{"line":394,"column":14}},"loc":{"start":{"line":396,"column":27},"end":{"line":435,"column":3}}},"12":{"name":"(anonymous_25)","decl":{"start":{"line":438,"column":9},"end":{"line":438,"column":14}},"loc":{"start":{"line":439,"column":36},"end":{"line":494,"column":3}}}},"branchMap":{"0":{"loc":{"start":{"line":48,"column":4},"end":{"line":50,"column":5}},"type":"if","locations":[{"start":{"line":48,"column":4},"end":{"line":50,"column":5}},{"start":{},"end":{}}]},"1":{"loc":{"start":{"line":56,"column":4},"end":{"line":58,"column":5}},"type":"if","locations":[{"start":{"line":56,"column":4},"end":{"line":58,"column":5}},{"start":{},"end":{}}]},"2":{"loc":{"start":{"line":71,"column":6},"end":{"line":80,"column":7}},"type":"if","locations":[{"start":{"line":71,"column":6},"end":{"line":80,"column":7}},{"start":{},"end":{}}]},"3":{"loc":{"start":{"line":72,"column":9},"end":{"line":74,"column":20}},"type":"binary-expr","locations":[{"start":{"line":72,"column":9},"end":{"line":72,"column":34}},{"start":{"line":73,"column":8},"end":{"line":74,"column":20}}]},"4":{"loc":{"start":{"line":96,"column":4},"end":{"line":98,"column":5}},"type":"if","locations":[{"start":{"line":96,"column":4},"end":{"line":98,"column":5}},{"start":{},"end":{}}]},"5":{"loc":{"start":{"line":128,"column":4},"end":{"line":130,"column":5}},"type":"if","locations":[{"start":{"line":128,"column":4},"end":{"line":130,"column":5}},{"start":{},"end":{}}]},"6":{"loc":{"start":{"line":136,"column":4},"end":{"line":138,"column":5}},"type":"if","locations":[{"start":{"line":136,"column":4},"end":{"line":138,"column":5}},{"start":{},"end":{}}]},"7":{"loc":{"start":{"line":153,"column":21},"end":{"line":153,"column":52}},"type":"binary-expr","locations":[{"start":{"line":153,"column":21},"end":{"line":153,"column":39}},{"start":{"line":153,"column":43},"end":{"line":153,"column":52}}]},"8":{"loc":{"start":{"line":181,"column":23},"end":{"line":181,"column":47}},"type":"binary-expr","locations":[{"start":{"line":181,"column":23},"end":{"line":181,"column":41}},{"start":{"line":181,"column":45},"end":{"line":181,"column":47}}]},"9":{"loc":{"start":{"line":192,"column":4},"end":{"line":194,"column":5}},"type":"if","locations":[{"start":{"line":192,"column":4},"end":{"line":194,"column":5}},{"start":{},"end":{}}]},"10":{"loc":{"start":{"line":207,"column":4},"end":{"line":209,"column":5}},"type":"if","locations":[{"start":{"line":207,"column":4},"end":{"line":209,"column":5}},{"start":{},"end":{}}]},"11":{"loc":{"start":{"line":211,"column":4},"end":{"line":216,"column":5}},"type":"if","locations":[{"start":{"line":211,"column":4},"end":{"line":216,"column":5}},{"start":{},"end":{}}]},"12":{"loc":{"start":{"line":212,"column":6},"end":{"line":213,"column":52}},"type":"binary-expr","locations":[{"start":{"line":212,"column":6},"end":{"line":212,"column":39}},{"start":{"line":213,"column":6},"end":{"line":213,"column":52}}]},"13":{"loc":{"start":{"line":234,"column":4},"end":{"line":236,"column":5}},"type":"if","locations":[{"start":{"line":234,"column":4},"end":{"line":236,"column":5}},{"start":{},"end":{}}]},"14":{"loc":{"start":{"line":238,"column":4},"end":{"line":240,"column":5}},"type":"if","locations":[{"start":{"line":238,"column":4},"end":{"line":240,"column":5}},{"start":{},"end":{}}]},"15":{"loc":{"start":{"line":251,"column":4},"end":{"line":256,"column":5}},"type":"if","locations":[{"start":{"line":251,"column":4},"end":{"line":256,"column":5}},{"start":{},"end":{}}]},"16":{"loc":{"start":{"line":271,"column":6},"end":{"line":280,"column":7}},"type":"if","locations":[{"start":{"line":271,"column":6},"end":{"line":280,"column":7}},{"start":{},"end":{}}]},"17":{"loc":{"start":{"line":272,"column":9},"end":{"line":273,"column":79}},"type":"binary-expr","locations":[{"start":{"line":272,"column":9},"end":{"line":272,"column":34}},{"start":{"line":273,"column":8},"end":{"line":273,"column":79}}]},"18":{"loc":{"start":{"line":299,"column":4},"end":{"line":301,"column":5}},"type":"if","locations":[{"start":{"line":299,"column":4},"end":{"line":301,"column":5}},{"start":{},"end":{}}]},"19":{"loc":{"start":{"line":307,"column":4},"end":{"line":313,"column":5}},"type":"if","locations":[{"start":{"line":307,"column":4},"end":{"line":313,"column":5}},{"start":{},"end":{}}]},"20":{"loc":{"start":{"line":308,"column":6},"end":{"line":310,"column":36}},"type":"binary-expr","locations":[{"start":{"line":308,"column":6},"end":{"line":308,"column":11}},{"start":{"line":309,"column":6},"end":{"line":309,"column":34}},{"start":{"line":310,"column":6},"end":{"line":310,"column":36}}]},"21":{"loc":{"start":{"line":315,"column":4},"end":{"line":317,"column":5}},"type":"if","locations":[{"start":{"line":315,"column":4},"end":{"line":317,"column":5}},{"start":{},"end":{}}]},"22":{"loc":{"start":{"line":323,"column":4},"end":{"line":325,"column":5}},"type":"if","locations":[{"start":{"line":323,"column":4},"end":{"line":325,"column":5}},{"start":{},"end":{}}]},"23":{"loc":{"start":{"line":340,"column":6},"end":{"line":350,"column":7}},"type":"if","locations":[{"start":{"line":340,"column":6},"end":{"line":350,"column":7}},{"start":{},"end":{}}]},"24":{"loc":{"start":{"line":341,"column":9},"end":{"line":343,"column":20}},"type":"binary-expr","locations":[{"start":{"line":341,"column":9},"end":{"line":341,"column":34}},{"start":{"line":342,"column":8},"end":{"line":343,"column":20}}]},"25":{"loc":{"start":{"line":364,"column":4},"end":{"line":366,"column":5}},"type":"if","locations":[{"start":{"line":364,"column":4},"end":{"line":366,"column":5}},{"start":{},"end":{}}]},"26":{"loc":{"start":{"line":376,"column":6},"end":{"line":385,"column":7}},"type":"if","locations":[{"start":{"line":376,"column":6},"end":{"line":385,"column":7}},{"start":{},"end":{}}]},"27":{"loc":{"start":{"line":377,"column":9},"end":{"line":378,"column":78}},"type":"binary-expr","locations":[{"start":{"line":377,"column":9},"end":{"line":377,"column":34}},{"start":{"line":378,"column":8},"end":{"line":378,"column":78}}]},"28":{"loc":{"start":{"line":399,"column":4},"end":{"line":401,"column":5}},"type":"if","locations":[{"start":{"line":399,"column":4},"end":{"line":401,"column":5}},{"start":{},"end":{}}]},"29":{"loc":{"start":{"line":406,"column":4},"end":{"line":411,"column":5}},"type":"if","locations":[{"start":{"line":406,"column":4},"end":{"line":411,"column":5}},{"start":{"line":409,"column":11},"end":{"line":411,"column":5}}]},"30":{"loc":{"start":{"line":409,"column":11},"end":{"line":411,"column":5}},"type":"if","locations":[{"start":{"line":409,"column":11},"end":{"line":411,"column":5}},{"start":{},"end":{}}]},"31":{"loc":{"start":{"line":410,"column":32},"end":{"line":410,"column":75}},"type":"binary-expr","locations":[{"start":{"line":410,"column":32},"end":{"line":410,"column":57}},{"start":{"line":410,"column":61},"end":{"line":410,"column":75}}]},"32":{"loc":{"start":{"line":417,"column":6},"end":{"line":429,"column":7}},"type":"if","locations":[{"start":{"line":417,"column":6},"end":{"line":429,"column":7}},{"start":{},"end":{}}]},"33":{"loc":{"start":{"line":418,"column":9},"end":{"line":420,"column":20}},"type":"binary-expr","locations":[{"start":{"line":418,"column":9},"end":{"line":418,"column":34}},{"start":{"line":419,"column":8},"end":{"line":420,"column":20}}]},"34":{"loc":{"start":{"line":427,"column":10},"end":{"line":427,"column":48}},"type":"binary-expr","locations":[{"start":{"line":427,"column":10},"end":{"line":427,"column":35}},{"start":{"line":427,"column":39},"end":{"line":427,"column":48}}]},"35":{"loc":{"start":{"line":451,"column":6},"end":{"line":453,"column":7}},"type":"if","locations":[{"start":{"line":451,"column":6},"end":{"line":453,"column":7}},{"start":{},"end":{}}]},"36":{"loc":{"start":{"line":456,"column":6},"end":{"line":461,"column":7}},"type":"if","locations":[{"start":{"line":456,"column":6},"end":{"line":461,"column":7}},{"start":{},"end":{}}]},"37":{"loc":{"start":{"line":467,"column":6},"end":{"line":475,"column":7}},"type":"if","locations":[{"start":{"line":467,"column":6},"end":{"line":475,"column":7}},{"start":{},"end":{}}]},"38":{"loc":{"start":{"line":486,"column":6},"end":{"line":491,"column":7}},"type":"if","locations":[{"start":{"line":486,"column":6},"end":{"line":491,"column":7}},{"start":{},"end":{}}]},"39":{"loc":{"start":{"line":487,"column":8},"end":{"line":488,"column":42}},"type":"binary-expr","locations":[{"start":{"line":487,"column":8},"end":{"line":487,"column":42}},{"start":{"line":488,"column":8},"end":{"line":488,"column":42}}]},"40":{"loc":{"start":{"line":37,"column":28},"end":{"line":37,"column":44}},"type":"cond-expr","locations":[{"start":{"line":37,"column":38},"end":{"line":37,"column":44}},{"start":{"line":37,"column":38},"end":{"line":37,"column":44}}]},"41":{"loc":{"start":{"line":37,"column":28},"end":{"line":37,"column":38}},"type":"binary-expr","locations":[{"start":{"line":37,"column":28},"end":{"line":37,"column":44}},{"start":{"line":37,"column":28},"end":{"line":37,"column":38}}]},"42":{"loc":{"start":{"line":37,"column":38},"end":{"line":38,"column":null}},"type":"cond-expr","locations":[{"start":{"line":38,"column":34},"end":{"line":38,"column":null}},{"start":{"line":38,"column":34},"end":{"line":38,"column":null}}]},"43":{"loc":{"start":{"line":37,"column":38},"end":{"line":38,"column":34}},"type":"binary-expr","locations":[{"start":{"line":37,"column":38},"end":{"line":38,"column":null}},{"start":{"line":38,"column":24},"end":{"line":38,"column":34}}]},"44":{"loc":{"start":{"line":38,"column":34},"end":{"line":39,"column":null}},"type":"cond-expr","locations":[{"start":{"line":39,"column":40},"end":{"line":39,"column":null}},{"start":{"line":39,"column":40},"end":{"line":39,"column":null}}]},"45":{"loc":{"start":{"line":38,"column":34},"end":{"line":39,"column":40}},"type":"binary-expr","locations":[{"start":{"line":38,"column":34},"end":{"line":39,"column":null}},{"start":{"line":39,"column":27},"end":{"line":39,"column":40}}]}},"s":{"0":1,"1":1,"2":1,"3":1,"4":1,"5":1,"6":1,"7":1,"8":1,"9":1,"10":1,"11":0,"12":0,"13":0,"14":0,"15":0,"16":0,"17":0,"18":0,"19":0,"20":0,"21":0,"22":0,"23":0,"24":0,"25":0,"26":0,"27":0,"28":0,"29":0,"30":0,"31":0,"32":0,"33":0,"34":0,"35":0,"36":0,"37":0,"38":0,"39":0,"40":0,"41":0,"42":0,"43":0,"44":0,"45":0,"46":0,"47":0,"48":0,"49":0,"50":0,"51":0,"52":0,"53":0,"54":0,"55":0,"56":0,"57":0,"58":0,"59":0,"60":0,"61":0,"62":0,"63":0,"64":0,"65":0,"66":0,"67":0,"68":0,"69":0,"70":0,"71":0,"72":0,"73":0,"74":0,"75":0,"76":0,"77":0,"78":0,"79":0,"80":0,"81":0,"82":0,"83":0,"84":0,"85":0,"86":0,"87":0,"88":0,"89":0,"90":0,"91":0,"92":0,"93":0,"94":0,"95":0,"96":0,"97":0,"98":0,"99":0,"100":0,"101":0,"102":0,"103":0,"104":0,"105":0,"106":0,"107":0,"108":0,"109":0,"110":0,"111":0,"112":0,"113":0,"114":0,"115":0,"116":0,"117":0,"118":0,"119":0,"120":0,"121":0,"122":0,"123":0,"124":0,"125":0,"126":0,"127":0,"128":0,"129":0,"130":0,"131":0,"132":0,"133":0,"134":0,"135":0,"136":0,"137":0,"138":0,"139":0,"140":0,"141":0,"142":0,"143":0,"144":0,"145":0,"146":0,"147":0,"148":0,"149":0,"150":0,"151":0,"152":0,"153":0,"154":0,"155":0,"156":0,"157":0,"158":0,"159":0,"160":0,"161":0,"162":0,"163":0,"164":0,"165":1,"166":1},"f":{"0":0,"1":0,"2":0,"3":0,"4":0,"5":0,"6":0,"7":0,"8":0,"9":0,"10":0,"11":0,"12":0},"b":{"0":[0,0],"1":[0,0],"2":[0,0],"3":[0,0],"4":[0,0],"5":[0,0],"6":[0,0],"7":[0,0],"8":[0,0],"9":[0,0],"10":[0,0],"11":[0,0],"12":[0,0],"13":[0,0],"14":[0,0],"15":[0,0],"16":[0,0],"17":[0,0],"18":[0,0],"19":[0,0],"20":[0,0,0],"21":[0,0],"22":[0,0],"23":[0,0],"24":[0,0],"25":[0,0],"26":[0,0],"27":[0,0],"28":[0,0],"29":[0,0],"30":[0,0],"31":[0,0],"32":[0,0],"33":[0,0],"34":[0,0],"35":[0,0],"36":[0,0],"37":[0,0],"38":[0,0],"39":[0,0],"40":[1,0],"41":[1,1],"42":[1,0],"43":[1,1],"44":[1,0],"45":[1,1]}}
,"C:\\Users\\k-aliyu\\Documents\\GitHub\\stellarAid-api\\src\\auth\\strategies\\jwt.strategy.ts": {"path":"C:\\Users\\k-aliyu\\Documents\\GitHub\\stellarAid-api\\src\\auth\\strategies\\jwt.strategy.ts","statementMap":{"0":{"start":{"line":1,"column":0},"end":{"line":1,"column":52}},"1":{"start":{"line":2,"column":0},"end":{"line":2,"column":52}},"2":{"start":{"line":3,"column":0},"end":{"line":3,"column":67}},"3":{"start":{"line":4,"column":0},"end":{"line":4,"column":47}},"4":{"start":{"line":7,"column":13},"end":{"line":7,"column":34}},"5":{"start":{"line":10,"column":7},"end":{"line":25,"column":null}},"6":{"start":{"line":12,"column":4},"end":{"line":16,"column":7}},"7":{"start":{"line":11,"column":22},"end":{"line":11,"column":37}},"8":{"start":{"line":20,"column":4},"end":{"line":22,"column":5}},"9":{"start":{"line":21,"column":6},"end":{"line":21,"column":40}},"10":{"start":{"line":23,"column":4},"end":{"line":23,"column":19}},"11":{"start":{"line":10,"column":13},"end":{"line":10,"column":24}},"12":{"start":{"line":10,"column":13},"end":{"line":25,"column":null}}},"fnMap":{"0":{"name":"(anonymous_2)","decl":{"start":{"line":11,"column":2},"end":{"line":11,"column":22}},"loc":{"start":{"line":11,"column":50},"end":{"line":17,"column":3}}},"1":{"name":"(anonymous_3)","decl":{"start":{"line":19,"column":2},"end":{"line":19,"column":7}},"loc":{"start":{"line":19,"column":36},"end":{"line":24,"column":3}}}},"branchMap":{"0":{"loc":{"start":{"line":20,"column":4},"end":{"line":22,"column":5}},"type":"if","locations":[{"start":{"line":20,"column":4},"end":{"line":22,"column":5}},{"start":{},"end":{}}]},"1":{"loc":{"start":{"line":11,"column":37},"end":{"line":11,"column":null}},"type":"cond-expr","locations":[{"start":{"line":11,"column":50},"end":{"line":11,"column":null}},{"start":{"line":11,"column":50},"end":{"line":11,"column":null}}]},"2":{"loc":{"start":{"line":11,"column":37},"end":{"line":11,"column":50}},"type":"binary-expr","locations":[{"start":{"line":11,"column":37},"end":{"line":11,"column":null}},{"start":{"line":11,"column":37},"end":{"line":11,"column":50}}]}},"s":{"0":0,"1":0,"2":0,"3":0,"4":0,"5":0,"6":0,"7":0,"8":0,"9":0,"10":0,"11":0,"12":0},"f":{"0":0,"1":0},"b":{"0":[0,0],"1":[0,0],"2":[0,0]}}
,"C:\\Users\\k-aliyu\\Documents\\GitHub\\stellarAid-api\\src\\common\\decorators\\current-user.decorator.ts": {"path":"C:\\Users\\k-aliyu\\Documents\\GitHub\\stellarAid-api\\src\\common\\decorators\\current-user.decorator.ts","statementMap":{"0":{"start":{"line":1,"column":0},"end":{"line":1,"column":72}},"1":{"start":{"line":5,"column":13},"end":{"line":13,"column":2}},"2":{"start":{"line":7,"column":20},"end":{"line":9,"column":51}},"3":{"start":{"line":10,"column":17},"end":{"line":10,"column":29}},"4":{"start":{"line":11,"column":4},"end":{"line":11,"column":40}}},"fnMap":{"0":{"name":"(anonymous_0)","decl":{"start":{"line":6,"column":2},"end":{"line":6,"column":3}},"loc":{"start":{"line":6,"column":65},"end":{"line":12,"column":3}}}},"branchMap":{"0":{"loc":{"start":{"line":11,"column":11},"end":{"line":11,"column":39}},"type":"cond-expr","locations":[{"start":{"line":11,"column":19},"end":{"line":11,"column":32}},{"start":{"line":11,"column":35},"end":{"line":11,"column":39}}]}},"s":{"0":0,"1":0,"2":0,"3":0,"4":0},"f":{"0":0},"b":{"0":[0,0]}}
,"C:\\Users\\k-aliyu\\Documents\\GitHub\\stellarAid-api\\src\\common\\decorators\\public.decorator.ts": {"path":"C:\\Users\\k-aliyu\\Documents\\GitHub\\stellarAid-api\\src\\common\\decorators\\public.decorator.ts","statementMap":{"0":{"start":{"line":1,"column":0},"end":{"line":1,"column":45}},"1":{"start":{"line":3,"column":13},"end":{"line":3,"column":40}},"2":{"start":{"line":4,"column":22},"end":{"line":4,"column":60}},"3":{"start":{"line":4,"column":28},"end":{"line":4,"column":60}},"4":{"start":{"line":4,"column":13},"end":{"line":4,"column":22}}},"fnMap":{"0":{"name":"(anonymous_0)","decl":{"start":{"line":4,"column":22},"end":{"line":4,"column":25}},"loc":{"start":{"line":4,"column":28},"end":{"line":4,"column":60}}}},"branchMap":{},"s":{"0":0,"1":0,"2":0,"3":0,"4":0},"f":{"0":0},"b":{}}
,"C:\\Users\\k-aliyu\\Documents\\GitHub\\stellarAid-api\\src\\common\\decorators\\roles.decorator.ts": {"path":"C:\\Users\\k-aliyu\\Documents\\GitHub\\stellarAid-api\\src\\common\\decorators\\roles.decorator.ts","statementMap":{"0":{"start":{"line":1,"column":0},"end":{"line":1,"column":45}},"1":{"start":{"line":4,"column":13},"end":{"line":4,"column":33}},"2":{"start":{"line":5,"column":21},"end":{"line":5,"column":76}},"3":{"start":{"line":5,"column":47},"end":{"line":5,"column":76}},"4":{"start":{"line":5,"column":13},"end":{"line":5,"column":21}}},"fnMap":{"0":{"name":"(anonymous_0)","decl":{"start":{"line":5,"column":21},"end":{"line":5,"column":22}},"loc":{"start":{"line":5,"column":47},"end":{"line":5,"column":76}}}},"branchMap":{},"s":{"0":0,"1":0,"2":0,"3":0,"4":0},"f":{"0":0},"b":{}}
,"C:\\Users\\k-aliyu\\Documents\\GitHub\\stellarAid-api\\src\\common\\enums\\kyc-status.enum.ts": {"path":"C:\\Users\\k-aliyu\\Documents\\GitHub\\stellarAid-api\\src\\common\\enums\\kyc-status.enum.ts","statementMap":{"0":{"start":{"line":1,"column":0},"end":{"line":1,"column":null}},"1":{"start":{"line":2,"column":2},"end":{"line":2,"column":null}},"2":{"start":{"line":3,"column":2},"end":{"line":3,"column":null}},"3":{"start":{"line":4,"column":2},"end":{"line":4,"column":null}},"4":{"start":{"line":5,"column":2},"end":{"line":5,"column":null}}},"fnMap":{"0":{"name":"(anonymous_0)","decl":{"start":{"line":1,"column":0},"end":{"line":1,"column":12}},"loc":{"start":{"line":1,"column":21},"end":{"line":6,"column":1}}}},"branchMap":{"0":{"loc":{"start":{"line":1,"column":12},"end":{"line":1,"column":null}},"type":"binary-expr","locations":[{"start":{"line":1,"column":12},"end":{"line":1,"column":21}},{"start":{"line":1,"column":21},"end":{"line":1,"column":null}}]}},"s":{"0":1,"1":1,"2":1,"3":1,"4":1},"f":{"0":1},"b":{"0":[1,1]}}
,"C:\\Users\\k-aliyu\\Documents\\GitHub\\stellarAid-api\\src\\common\\enums\\project-category.enum.ts": {"path":"C:\\Users\\k-aliyu\\Documents\\GitHub\\stellarAid-api\\src\\common\\enums\\project-category.enum.ts","statementMap":{"0":{"start":{"line":1,"column":0},"end":{"line":1,"column":null}},"1":{"start":{"line":2,"column":2},"end":{"line":2,"column":null}},"2":{"start":{"line":3,"column":2},"end":{"line":3,"column":null}},"3":{"start":{"line":4,"column":2},"end":{"line":4,"column":null}},"4":{"start":{"line":5,"column":2},"end":{"line":5,"column":null}},"5":{"start":{"line":6,"column":2},"end":{"line":6,"column":null}},"6":{"start":{"line":7,"column":2},"end":{"line":7,"column":null}},"7":{"start":{"line":8,"column":2},"end":{"line":8,"column":null}},"8":{"start":{"line":9,"column":2},"end":{"line":9,"column":null}}},"fnMap":{"0":{"name":"(anonymous_0)","decl":{"start":{"line":1,"column":0},"end":{"line":1,"column":12}},"loc":{"start":{"line":1,"column":27},"end":{"line":10,"column":1}}}},"branchMap":{"0":{"loc":{"start":{"line":1,"column":12},"end":{"line":1,"column":null}},"type":"binary-expr","locations":[{"start":{"line":1,"column":12},"end":{"line":1,"column":27}},{"start":{"line":1,"column":27},"end":{"line":1,"column":null}}]}},"s":{"0":0,"1":0,"2":0,"3":0,"4":0,"5":0,"6":0,"7":0,"8":0},"f":{"0":0},"b":{"0":[0,0]}}
,"C:\\Users\\k-aliyu\\Documents\\GitHub\\stellarAid-api\\src\\common\\enums\\project-status.enum.ts": {"path":"C:\\Users\\k-aliyu\\Documents\\GitHub\\stellarAid-api\\src\\common\\enums\\project-status.enum.ts","statementMap":{"0":{"start":{"line":1,"column":0},"end":{"line":1,"column":null}},"1":{"start":{"line":2,"column":2},"end":{"line":2,"column":null}},"2":{"start":{"line":3,"column":2},"end":{"line":3,"column":null}},"3":{"start":{"line":4,"column":2},"end":{"line":4,"column":null}},"4":{"start":{"line":5,"column":2},"end":{"line":5,"column":null}},"5":{"start":{"line":6,"column":2},"end":{"line":6,"column":null}},"6":{"start":{"line":7,"column":2},"end":{"line":7,"column":null}},"7":{"start":{"line":8,"column":2},"end":{"line":8,"column":null}}},"fnMap":{"0":{"name":"(anonymous_0)","decl":{"start":{"line":1,"column":0},"end":{"line":1,"column":12}},"loc":{"start":{"line":1,"column":25},"end":{"line":9,"column":1}}}},"branchMap":{"0":{"loc":{"start":{"line":1,"column":12},"end":{"line":1,"column":null}},"type":"binary-expr","locations":[{"start":{"line":1,"column":12},"end":{"line":1,"column":25}},{"start":{"line":1,"column":25},"end":{"line":1,"column":null}}]}},"s":{"0":0,"1":0,"2":0,"3":0,"4":0,"5":0,"6":0,"7":0},"f":{"0":0},"b":{"0":[0,0]}}
,"C:\\Users\\k-aliyu\\Documents\\GitHub\\stellarAid-api\\src\\common\\enums\\projects-sortBy.enum.ts": {"path":"C:\\Users\\k-aliyu\\Documents\\GitHub\\stellarAid-api\\src\\common\\enums\\projects-sortBy.enum.ts","statementMap":{"0":{"start":{"line":1,"column":0},"end":{"line":1,"column":null}},"1":{"start":{"line":2,"column":2},"end":{"line":2,"column":null}},"2":{"start":{"line":3,"column":2},"end":{"line":3,"column":null}},"3":{"start":{"line":4,"column":2},"end":{"line":4,"column":null}}},"fnMap":{"0":{"name":"(anonymous_0)","decl":{"start":{"line":1,"column":0},"end":{"line":1,"column":12}},"loc":{"start":{"line":1,"column":25},"end":{"line":5,"column":1}}}},"branchMap":{"0":{"loc":{"start":{"line":1,"column":12},"end":{"line":1,"column":null}},"type":"binary-expr","locations":[{"start":{"line":1,"column":12},"end":{"line":1,"column":25}},{"start":{"line":1,"column":25},"end":{"line":1,"column":null}}]}},"s":{"0":0,"1":0,"2":0,"3":0},"f":{"0":0},"b":{"0":[0,0]}}
,"C:\\Users\\k-aliyu\\Documents\\GitHub\\stellarAid-api\\src\\common\\enums\\user-role.enum.ts": {"path":"C:\\Users\\k-aliyu\\Documents\\GitHub\\stellarAid-api\\src\\common\\enums\\user-role.enum.ts","statementMap":{"0":{"start":{"line":1,"column":0},"end":{"line":1,"column":null}},"1":{"start":{"line":2,"column":2},"end":{"line":2,"column":null}},"2":{"start":{"line":3,"column":2},"end":{"line":3,"column":null}},"3":{"start":{"line":4,"column":2},"end":{"line":4,"column":null}},"4":{"start":{"line":5,"column":2},"end":{"line":5,"column":null}}},"fnMap":{"0":{"name":"(anonymous_0)","decl":{"start":{"line":1,"column":0},"end":{"line":1,"column":12}},"loc":{"start":{"line":1,"column":20},"end":{"line":6,"column":1}}}},"branchMap":{"0":{"loc":{"start":{"line":1,"column":12},"end":{"line":1,"column":null}},"type":"binary-expr","locations":[{"start":{"line":1,"column":12},"end":{"line":1,"column":20}},{"start":{"line":1,"column":20},"end":{"line":1,"column":null}}]}},"s":{"0":1,"1":1,"2":1,"3":1,"4":1},"f":{"0":1},"b":{"0":[1,1]}}
,"C:\\Users\\k-aliyu\\Documents\\GitHub\\stellarAid-api\\src\\common\\filters\\http-exeption.filter.ts": {"path":"C:\\Users\\k-aliyu\\Documents\\GitHub\\stellarAid-api\\src\\common\\filters\\http-exeption.filter.ts","statementMap":{"0":{"start":{"line":1,"column":0},"end":{"line":1,"column":null}},"1":{"start":{"line":10,"column":0},"end":{"line":10,"column":60}},"2":{"start":{"line":13,"column":7},"end":{"line":57,"column":null}},"3":{"start":{"line":14,"column":54},"end":{"line":14,"column":63}},"4":{"start":{"line":16,"column":16},"end":{"line":16,"column":35}},"5":{"start":{"line":17,"column":21},"end":{"line":17,"column":48}},"6":{"start":{"line":18,"column":20},"end":{"line":18,"column":45}},"7":{"start":{"line":20,"column":19},"end":{"line":20,"column":40}},"8":{"start":{"line":21,"column":30},"end":{"line":21,"column":53}},"9":{"start":{"line":23,"column":18},"end":{"line":23,"column":34}},"10":{"start":{"line":24,"column":17},"end":{"line":24,"column":21}},"11":{"start":{"line":26,"column":4},"end":{"line":37,"column":5}},"12":{"start":{"line":27,"column":6},"end":{"line":27,"column":34}},"13":{"start":{"line":28,"column":11},"end":{"line":37,"column":5}},"14":{"start":{"line":29,"column":23},"end":{"line":29,"column":40}},"15":{"start":{"line":30,"column":6},"end":{"line":30,"column":39}},"16":{"start":{"line":31,"column":6},"end":{"line":36,"column":15}},"17":{"start":{"line":32,"column":44},"end":{"line":35,"column":12}},"18":{"start":{"line":40,"column":4},"end":{"line":46,"column":5}},"19":{"start":{"line":41,"column":21},"end":{"line":41,"column":52}},"20":{"start":{"line":42,"column":6},"end":{"line":45,"column":9}},"21":{"start":{"line":48,"column":4},"end":{"line":55,"column":7}},"22":{"start":{"line":13,"column":13},"end":{"line":13,"column":32}},"23":{"start":{"line":13,"column":13},"end":{"line":57,"column":null}}},"fnMap":{"0":{"name":"(anonymous_4)","decl":{"start":{"line":14,"column":2},"end":{"line":14,"column":15}},"loc":{"start":{"line":14,"column":76},"end":{"line":14,"column":80}}},"1":{"name":"(anonymous_5)","decl":{"start":{"line":15,"column":2},"end":{"line":15,"column":7}},"loc":{"start":{"line":15,"column":53},"end":{"line":56,"column":3}}},"2":{"name":"(anonymous_6)","decl":{"start":{"line":32,"column":26},"end":{"line":32,"column":27}},"loc":{"start":{"line":32,"column":44},"end":{"line":35,"column":12}}}},"branchMap":{"0":{"loc":{"start":{"line":26,"column":4},"end":{"line":37,"column":5}},"type":"if","locations":[{"start":{"line":26,"column":4},"end":{"line":37,"column":5}},{"start":{"line":28,"column":11},"end":{"line":37,"column":5}}]},"1":{"loc":{"start":{"line":28,"column":11},"end":{"line":37,"column":5}},"type":"if","locations":[{"start":{"line":28,"column":11},"end":{"line":37,"column":5}},{"start":{},"end":{}}]},"2":{"loc":{"start":{"line":30,"column":16},"end":{"line":30,"column":38}},"type":"binary-expr","locations":[{"start":{"line":30,"column":16},"end":{"line":30,"column":27}},{"start":{"line":30,"column":31},"end":{"line":30,"column":38}}]},"3":{"loc":{"start":{"line":31,"column":15},"end":{"line":36,"column":14}},"type":"cond-expr","locations":[{"start":{"line":32,"column":10},"end":{"line":35,"column":13}},{"start":{"line":36,"column":10},"end":{"line":36,"column":14}}]},"4":{"loc":{"start":{"line":40,"column":4},"end":{"line":46,"column":5}},"type":"if","locations":[{"start":{"line":40,"column":4},"end":{"line":46,"column":5}},{"start":{},"end":{}}]},"5":{"loc":{"start":{"line":41,"column":21},"end":{"line":41,"column":52}},"type":"binary-expr","locations":[{"start":{"line":41,"column":21},"end":{"line":41,"column":44}},{"start":{"line":41,"column":48},"end":{"line":41,"column":52}}]},"6":{"loc":{"start":{"line":14,"column":63},"end":{"line":14,"column":79}},"type":"cond-expr","locations":[{"start":{"line":14,"column":76},"end":{"line":14,"column":79}},{"start":{"line":14,"column":76},"end":{"line":14,"column":79}}]},"7":{"loc":{"start":{"line":14,"column":63},"end":{"line":14,"column":76}},"type":"binary-expr","locations":[{"start":{"line":14,"column":63},"end":{"line":14,"column":79}},{"start":{"line":14,"column":63},"end":{"line":14,"column":76}}]}},"s":{"0":0,"1":0,"2":0,"3":0,"4":0,"5":0,"6":0,"7":0,"8":0,"9":0,"10":0,"11":0,"12":0,"13":0,"14":0,"15":0,"16":0,"17":0,"18":0,"19":0,"20":0,"21":0,"22":0,"23":0},"f":{"0":0,"1":0,"2":0},"b":{"0":[0,0],"1":[0,0],"2":[0,0],"3":[0,0],"4":[0,0],"5":[0,0],"6":[0,0],"7":[0,0]}}
,"C:\\Users\\k-aliyu\\Documents\\GitHub\\stellarAid-api\\src\\common\\guards\\file-upload.guard.ts": {"path":"C:\\Users\\k-aliyu\\Documents\\GitHub\\stellarAid-api\\src\\common\\guards\\file-upload.guard.ts","statementMap":{"0":{"start":{"line":1,"column":0},"end":{"line":1,"column":83}},"1":{"start":{"line":4,"column":7},"end":{"line":31,"column":null}},"2":{"start":{"line":6,"column":20},"end":{"line":6,"column":55}},"3":{"start":{"line":7,"column":17},"end":{"line":7,"column":29}},"4":{"start":{"line":9,"column":4},"end":{"line":11,"column":5}},"5":{"start":{"line":10,"column":6},"end":{"line":10,"column":56}},"6":{"start":{"line":14,"column":29},"end":{"line":14,"column":70}},"7":{"start":{"line":15,"column":4},"end":{"line":19,"column":5}},"8":{"start":{"line":16,"column":6},"end":{"line":18,"column":8}},"9":{"start":{"line":22,"column":20},"end":{"line":22,"column":35}},"10":{"start":{"line":23,"column":4},"end":{"line":27,"column":5}},"11":{"start":{"line":24,"column":6},"end":{"line":26,"column":8}},"12":{"start":{"line":29,"column":4},"end":{"line":29,"column":16}},"13":{"start":{"line":4,"column":13},"end":{"line":4,"column":28}},"14":{"start":{"line":4,"column":13},"end":{"line":31,"column":null}}},"fnMap":{"0":{"name":"(anonymous_1)","decl":{"start":{"line":5,"column":2},"end":{"line":5,"column":13}},"loc":{"start":{"line":5,"column":39},"end":{"line":30,"column":3}}}},"branchMap":{"0":{"loc":{"start":{"line":9,"column":4},"end":{"line":11,"column":5}},"type":"if","locations":[{"start":{"line":9,"column":4},"end":{"line":11,"column":5}},{"start":{},"end":{}}]},"1":{"loc":{"start":{"line":15,"column":4},"end":{"line":19,"column":5}},"type":"if","locations":[{"start":{"line":15,"column":4},"end":{"line":19,"column":5}},{"start":{},"end":{}}]},"2":{"loc":{"start":{"line":23,"column":4},"end":{"line":27,"column":5}},"type":"if","locations":[{"start":{"line":23,"column":4},"end":{"line":27,"column":5}},{"start":{},"end":{}}]}},"s":{"0":0,"1":0,"2":0,"3":0,"4":0,"5":0,"6":0,"7":0,"8":0,"9":0,"10":0,"11":0,"12":0,"13":0,"14":0},"f":{"0":0},"b":{"0":[0,0],"1":[0,0],"2":[0,0]}}
,"C:\\Users\\k-aliyu\\Documents\\GitHub\\stellarAid-api\\src\\common\\guards\\jwt-auth.guard.ts": {"path":"C:\\Users\\k-aliyu\\Documents\\GitHub\\stellarAid-api\\src\\common\\guards\\jwt-auth.guard.ts","statementMap":{"0":{"start":{"line":1,"column":0},"end":{"line":1,"column":62}},"1":{"start":{"line":2,"column":0},"end":{"line":2,"column":41}},"2":{"start":{"line":3,"column":0},"end":{"line":3,"column":45}},"3":{"start":{"line":5,"column":0},"end":{"line":5,"column":63}},"4":{"start":{"line":6,"column":0},"end":{"line":6,"column":66}},"5":{"start":{"line":9,"column":7},"end":{"line":24,"column":null}},"6":{"start":{"line":11,"column":4},"end":{"line":11,"column":12}},"7":{"start":{"line":10,"column":31},"end":{"line":10,"column":42}},"8":{"start":{"line":17,"column":21},"end":{"line":20,"column":6}},"9":{"start":{"line":21,"column":4},"end":{"line":21,"column":30}},"10":{"start":{"line":21,"column":18},"end":{"line":21,"column":30}},"11":{"start":{"line":22,"column":4},"end":{"line":22,"column":38}},"12":{"start":{"line":9,"column":13},"end":{"line":9,"column":25}},"13":{"start":{"line":9,"column":13},"end":{"line":24,"column":null}}},"fnMap":{"0":{"name":"(anonymous_2)","decl":{"start":{"line":10,"column":2},"end":{"line":10,"column":31}},"loc":{"start":{"line":10,"column":51},"end":{"line":12,"column":3}}},"1":{"name":"(anonymous_3)","decl":{"start":{"line":14,"column":2},"end":{"line":14,"column":13}},"loc":{"start":{"line":15,"column":29},"end":{"line":23,"column":3}}}},"branchMap":{"0":{"loc":{"start":{"line":21,"column":4},"end":{"line":21,"column":30}},"type":"if","locations":[{"start":{"line":21,"column":4},"end":{"line":21,"column":30}},{"start":{},"end":{}}]},"1":{"loc":{"start":{"line":10,"column":42},"end":{"line":10,"column":null}},"type":"cond-expr","locations":[{"start":{"line":10,"column":51},"end":{"line":10,"column":null}},{"start":{"line":10,"column":51},"end":{"line":10,"column":null}}]},"2":{"loc":{"start":{"line":10,"column":42},"end":{"line":10,"column":51}},"type":"binary-expr","locations":[{"start":{"line":10,"column":42},"end":{"line":10,"column":null}},{"start":{"line":10,"column":42},"end":{"line":10,"column":51}}]}},"s":{"0":0,"1":0,"2":0,"3":0,"4":0,"5":0,"6":0,"7":0,"8":0,"9":0,"10":0,"11":0,"12":0,"13":0},"f":{"0":0,"1":0},"b":{"0":[0,0],"1":[0,0],"2":[0,0]}}
,"C:\\Users\\k-aliyu\\Documents\\GitHub\\stellarAid-api\\src\\common\\guards\\roles.guard.ts": {"path":"C:\\Users\\k-aliyu\\Documents\\GitHub\\stellarAid-api\\src\\common\\guards\\roles.guard.ts","statementMap":{"0":{"start":{"line":1,"column":0},"end":{"line":1,"column":75}},"1":{"start":{"line":2,"column":0},"end":{"line":2,"column":41}},"2":{"start":{"line":3,"column":0},"end":{"line":3,"column":58}},"3":{"start":{"line":7,"column":7},"end":{"line":27,"column":null}},"4":{"start":{"line":8,"column":22},"end":{"line":8,"column":33}},"5":{"start":{"line":11,"column":26},"end":{"line":13,"column":null}},"6":{"start":{"line":16,"column":4},"end":{"line":18,"column":5}},"7":{"start":{"line":17,"column":6},"end":{"line":17,"column":18}},"8":{"start":{"line":20,"column":21},"end":{"line":20,"column":56}},"9":{"start":{"line":21,"column":4},"end":{"line":23,"column":5}},"10":{"start":{"line":22,"column":6},"end":{"line":22,"column":19}},"11":{"start":{"line":25,"column":4},"end":{"line":25,"column":60}},"12":{"start":{"line":25,"column":40},"end":{"line":25,"column":58}},"13":{"start":{"line":7,"column":13},"end":{"line":7,"column":23}},"14":{"start":{"line":7,"column":13},"end":{"line":27,"column":null}}},"fnMap":{"0":{"name":"(anonymous_2)","decl":{"start":{"line":8,"column":2},"end":{"line":8,"column":22}},"loc":{"start":{"line":8,"column":42},"end":{"line":8,"column":46}}},"1":{"name":"(anonymous_3)","decl":{"start":{"line":10,"column":2},"end":{"line":10,"column":13}},"loc":{"start":{"line":10,"column":39},"end":{"line":26,"column":3}}},"2":{"name":"(anonymous_4)","decl":{"start":{"line":25,"column":30},"end":{"line":25,"column":31}},"loc":{"start":{"line":25,"column":40},"end":{"line":25,"column":58}}}},"branchMap":{"0":{"loc":{"start":{"line":16,"column":4},"end":{"line":18,"column":5}},"type":"if","locations":[{"start":{"line":16,"column":4},"end":{"line":18,"column":5}},{"start":{},"end":{}}]},"1":{"loc":{"start":{"line":21,"column":4},"end":{"line":23,"column":5}},"type":"if","locations":[{"start":{"line":21,"column":4},"end":{"line":23,"column":5}},{"start":{},"end":{}}]},"2":{"loc":{"start":{"line":8,"column":33},"end":{"line":8,"column":45}},"type":"cond-expr","locations":[{"start":{"line":8,"column":42},"end":{"line":8,"column":45}},{"start":{"line":8,"column":42},"end":{"line":8,"column":45}}]},"3":{"loc":{"start":{"line":8,"column":33},"end":{"line":8,"column":42}},"type":"binary-expr","locations":[{"start":{"line":8,"column":33},"end":{"line":8,"column":45}},{"start":{"line":8,"column":33},"end":{"line":8,"column":42}}]}},"s":{"0":0,"1":0,"2":0,"3":0,"4":0,"5":0,"6":0,"7":0,"8":0,"9":0,"10":0,"11":0,"12":0,"13":0,"14":0},"f":{"0":0,"1":0,"2":0},"b":{"0":[0,0],"1":[0,0],"2":[0,0],"3":[0,0]}}
,"C:\\Users\\k-aliyu\\Documents\\GitHub\\stellarAid-api\\src\\common\\interceptors\\logging.interceptor.ts": {"path":"C:\\Users\\k-aliyu\\Documents\\GitHub\\stellarAid-api\\src\\common\\interceptors\\logging.interceptor.ts","statementMap":{"0":{"start":{"line":1,"column":0},"end":{"line":1,"column":null}},"1":{"start":{"line":8,"column":0},"end":{"line":8,"column":39}},"2":{"start":{"line":11,"column":7},"end":{"line":30,"column":null}},"3":{"start":{"line":12,"column":19},"end":{"line":12,"column":37}},"4":{"start":{"line":15,"column":20},"end":{"line":15,"column":55}},"5":{"start":{"line":16,"column":36},"end":{"line":16,"column":43}},"6":{"start":{"line":17,"column":16},"end":{"line":17,"column":26}},"7":{"start":{"line":19,"column":4},"end":{"line":28,"column":6}},"8":{"start":{"line":21,"column":25},"end":{"line":21,"column":61}},"9":{"start":{"line":22,"column":31},"end":{"line":22,"column":39}},"10":{"start":{"line":24,"column":8},"end":{"line":26,"column":10}},"11":{"start":{"line":11,"column":13},"end":{"line":11,"column":31}},"12":{"start":{"line":11,"column":13},"end":{"line":30,"column":null}}},"fnMap":{"0":{"name":"(anonymous_1)","decl":{"start":{"line":14,"column":2},"end":{"line":14,"column":11}},"loc":{"start":{"line":14,"column":56},"end":{"line":29,"column":3}}},"1":{"name":"(anonymous_2)","decl":{"start":{"line":20,"column":10},"end":{"line":20,"column":13}},"loc":{"start":{"line":20,"column":15},"end":{"line":27,"column":7}}}},"branchMap":{},"s":{"0":0,"1":0,"2":0,"3":0,"4":0,"5":0,"6":0,"7":0,"8":0,"9":0,"10":0,"11":0,"12":0},"f":{"0":0,"1":0},"b":{}}
,"C:\\Users\\k-aliyu\\Documents\\GitHub\\stellarAid-api\\src\\common\\middleware\\token-validation.middleware.ts": {"path":"C:\\Users\\k-aliyu\\Documents\\GitHub\\stellarAid-api\\src\\common\\middleware\\token-validation.middleware.ts","statementMap":{"0":{"start":{"line":1,"column":0},"end":{"line":1,"column":null}},"1":{"start":{"line":9,"column":7},"end":{"line":30,"column":null}},"2":{"start":{"line":11,"column":23},"end":{"line":11,"column":51}},"3":{"start":{"line":13,"column":4},"end":{"line":13,"column":35}},"4":{"start":{"line":13,"column":21},"end":{"line":13,"column":35}},"5":{"start":{"line":15,"column":4},"end":{"line":19,"column":5}},"6":{"start":{"line":16,"column":6},"end":{"line":18,"column":8}},"7":{"start":{"line":21,"column":18},"end":{"line":21,"column":48}},"8":{"start":{"line":22,"column":4},"end":{"line":26,"column":5}},"9":{"start":{"line":23,"column":6},"end":{"line":25,"column":8}},"10":{"start":{"line":28,"column":4},"end":{"line":28,"column":11}},"11":{"start":{"line":9,"column":13},"end":{"line":9,"column":38}},"12":{"start":{"line":9,"column":13},"end":{"line":30,"column":null}}},"fnMap":{"0":{"name":"(anonymous_1)","decl":{"start":{"line":10,"column":2},"end":{"line":10,"column":5}},"loc":{"start":{"line":10,"column":54},"end":{"line":29,"column":3}}}},"branchMap":{"0":{"loc":{"start":{"line":13,"column":4},"end":{"line":13,"column":35}},"type":"if","locations":[{"start":{"line":13,"column":4},"end":{"line":13,"column":35}},{"start":{},"end":{}}]},"1":{"loc":{"start":{"line":15,"column":4},"end":{"line":19,"column":5}},"type":"if","locations":[{"start":{"line":15,"column":4},"end":{"line":19,"column":5}},{"start":{},"end":{}}]},"2":{"loc":{"start":{"line":22,"column":4},"end":{"line":26,"column":5}},"type":"if","locations":[{"start":{"line":22,"column":4},"end":{"line":26,"column":5}},{"start":{},"end":{}}]}},"s":{"0":0,"1":0,"2":0,"3":0,"4":0,"5":0,"6":0,"7":0,"8":0,"9":0,"10":0,"11":0,"12":0},"f":{"0":0},"b":{"0":[0,0],"1":[0,0],"2":[0,0]}}
,"C:\\Users\\k-aliyu\\Documents\\GitHub\\stellarAid-api\\src\\common\\services\\file-upload.service.ts": {"path":"C:\\Users\\k-aliyu\\Documents\\GitHub\\stellarAid-api\\src\\common\\services\\file-upload.service.ts","statementMap":{"0":{"start":{"line":1,"column":0},"end":{"line":1,"column":52}},"1":{"start":{"line":2,"column":0},"end":{"line":2,"column":85}},"2":{"start":{"line":3,"column":0},"end":{"line":3,"column":61}},"3":{"start":{"line":4,"column":0},"end":{"line":4,"column":47}},"4":{"start":{"line":5,"column":0},"end":{"line":5,"column":36}},"5":{"start":{"line":9,"column":30},"end":{"line":78,"column":null}},"6":{"start":{"line":10,"column":28},"end":{"line":10,"column":62}},"7":{"start":{"line":13,"column":22},"end":{"line":13,"column":37}},"8":{"start":{"line":14,"column":4},"end":{"line":20,"column":7}},"9":{"start":{"line":24,"column":26},"end":{"line":24,"column":60}},"10":{"start":{"line":25,"column":21},"end":{"line":25,"column":55}},"11":{"start":{"line":26,"column":16},"end":{"line":26,"column":58}},"12":{"start":{"line":28,"column":4},"end":{"line":46,"column":5}},"13":{"start":{"line":29,"column":6},"end":{"line":37,"column":8}},"14":{"start":{"line":39,"column":24},"end":{"line":39,"column":176}},"15":{"start":{"line":41,"column":6},"end":{"line":41,"column":65}},"16":{"start":{"line":42,"column":6},"end":{"line":42,"column":23}},"17":{"start":{"line":44,"column":6},"end":{"line":44,"column":67}},"18":{"start":{"line":45,"column":6},"end":{"line":45,"column":18}},"19":{"start":{"line":50,"column":4},"end":{"line":65,"column":5}},"20":{"start":{"line":51,"column":18},"end":{"line":51,"column":35}},"21":{"start":{"line":52,"column":18},"end":{"line":52,"column":43}},"22":{"start":{"line":54,"column":6},"end":{"line":59,"column":8}},"23":{"start":{"line":61,"column":6},"end":{"line":61,"column":59}},"24":{"start":{"line":63,"column":6},"end":{"line":63,"column":67}},"25":{"start":{"line":64,"column":6},"end":{"line":64,"column":18}},"26":{"start":{"line":69,"column":4},"end":{"line":76,"column":6}},"27":{"start":{"line":9,"column":13},"end":{"line":9,"column":30}},"28":{"start":{"line":9,"column":13},"end":{"line":78,"column":null}}},"fnMap":{"0":{"name":"(anonymous_2)","decl":{"start":{"line":13,"column":2},"end":{"line":13,"column":22}},"loc":{"start":{"line":13,"column":50},"end":{"line":21,"column":3}}},"1":{"name":"(anonymous_3)","decl":{"start":{"line":23,"column":2},"end":{"line":23,"column":7}},"loc":{"start":{"line":23,"column":63},"end":{"line":47,"column":3}}},"2":{"name":"(anonymous_4)","decl":{"start":{"line":49,"column":2},"end":{"line":49,"column":7}},"loc":{"start":{"line":49,"column":35},"end":{"line":66,"column":3}}},"3":{"name":"(anonymous_5)","decl":{"start":{"line":68,"column":2},"end":{"line":68,"column":22}},"loc":{"start":{"line":68,"column":60},"end":{"line":77,"column":3}}}},"branchMap":{"0":{"loc":{"start":{"line":68,"column":36},"end":{"line":68,"column":60}},"type":"default-arg","locations":[{"start":{"line":68,"column":56},"end":{"line":68,"column":60}}]},"1":{"loc":{"start":{"line":13,"column":37},"end":{"line":13,"column":null}},"type":"cond-expr","locations":[{"start":{"line":13,"column":50},"end":{"line":13,"column":null}},{"start":{"line":13,"column":50},"end":{"line":13,"column":null}}]},"2":{"loc":{"start":{"line":13,"column":37},"end":{"line":13,"column":50}},"type":"binary-expr","locations":[{"start":{"line":13,"column":37},"end":{"line":13,"column":null}},{"start":{"line":13,"column":37},"end":{"line":13,"column":50}}]}},"s":{"0":0,"1":0,"2":0,"3":0,"4":0,"5":0,"6":0,"7":0,"8":0,"9":0,"10":0,"11":0,"12":0,"13":0,"14":0,"15":0,"16":0,"17":0,"18":0,"19":0,"20":0,"21":0,"22":0,"23":0,"24":0,"25":0,"26":0,"27":0,"28":0},"f":{"0":0,"1":0,"2":0,"3":0},"b":{"0":[0],"1":[0,0],"2":[0,0]}}
[...]
,"C:\\Users\\k-aliyu\\Documents\\GitHub\\stellarAid-api\\src\\users\\dto\\reset-password.dto.ts": {"path":"C:\\Users\\k-aliyu\\Documents\\GitHub\\stellarAid-api\\src\\users\\dto\\reset-password.dto.ts","statementMap":{"0":{"start":{"line":1,"column":0},"end":{"line":1,"column":75}},"1":{"start":{"line":2,"column":0},"end":{"line":2,"column":46}},"2":{"start":{"line":4,"column":0},"end":{"line":4,"column":13}},"3":{"start":{"line":11,"column":2},"end":{"line":11,"column":null}},"4":{"start":{"line":23,"column":2},"end":{"line":23,"column":null}}},"fnMap":{},"branchMap":{},"s":{"0":0,"1":0,"2":0,"3":0,"4":0},"f":{},"b":{}}
,"C:\\Users\\k-aliyu\\Documents\\GitHub\\stellarAid-api\\src\\users\\dto\\submit-kyc.dto.ts": {"path":"C:\\Users\\k-aliyu\\Documents\\GitHub\\stellarAid-api\\src\\users\\dto\\submit-kyc.dto.ts","statementMap":{"0":{"start":{"line":1,"column":0},"end":{"line":1,"column":55}},"1":{"start":{"line":2,"column":0},"end":{"line":2,"column":46}},"2":{"start":{"line":4,"column":0},"end":{"line":4,"column":13}},"3":{"start":{"line":12,"column":2},"end":{"line":12,"column":null}}},"fnMap":{},"branchMap":{},"s":{"0":0,"1":0,"2":0,"3":0},"f":{},"b":{}}
,"C:\\Users\\k-aliyu\\Documents\\GitHub\\stellarAid-api\\src\\users\\dto\\update-kyc.dto.ts": {"path":"C:\\Users\\k-aliyu\\Documents\\GitHub\\stellarAid-api\\src\\users\\dto\\update-kyc.dto.ts","statementMap":{"0":{"start":{"line":1,"column":0},"end":{"line":1,"column":75}},"1":{"start":{"line":2,"column":0},"end":{"line":2,"column":67}},"2":{"start":{"line":3,"column":0},"end":{"line":3,"column":61}},"3":{"start":{"line":5,"column":0},"end":{"line":5,"column":13}},"4":{"start":{"line":13,"column":2},"end":{"line":13,"column":null}},"5":{"start":{"line":21,"column":2},"end":{"line":21,"column":null}}},"fnMap":{},"branchMap":{"0":{"loc":{"start":{"line":13,"column":10},"end":{"line":13,"column":20}},"type":"cond-expr","locations":[{"start":{"line":13,"column":19},"end":{"line":13,"column":20}},{"start":{"line":13,"column":19},"end":{"line":13,"column":20}}]},"1":{"loc":{"start":{"line":13,"column":10},"end":{"line":13,"column":19}},"type":"binary-expr","locations":[{"start":{"line":13,"column":10},"end":{"line":13,"column":20}},{"start":{"line":13,"column":10},"end":{"line":13,"column":19}}]}},"s":{"0":0,"1":0,"2":0,"3":0,"4":0,"5":0},"f":{},"b":{"0":[0,0],"1":[0,0]}}
,"C:\\Users\\k-aliyu\\Documents\\GitHub\\stellarAid-api\\src\\users\\dto\\update-user-role.dto.ts": {"path":"C:\\Users\\k-aliyu\\Documents\\GitHub\\stellarAid-api\\src\\users\\dto\\update-user-role.dto.ts","statementMap":{"0":{"start":{"line":1,"column":0},"end":{"line":1,"column":46}},"1":{"start":{"line":2,"column":0},"end":{"line":2,"column":41}},"2":{"start":{"line":3,"column":0},"end":{"line":3,"column":59}},"3":{"start":{"line":5,"column":0},"end":{"line":5,"column":13}},"4":{"start":{"line":12,"column":2},"end":{"line":12,"column":null}}},"fnMap":{},"branchMap":{"0":{"loc":{"start":{"line":12,"column":8},"end":{"line":12,"column":17}},"type":"cond-expr","locations":[{"start":{"line":12,"column":16},"end":{"line":12,"column":17}},{"start":{"line":12,"column":16},"end":{"line":12,"column":17}}]},"1":{"loc":{"start":{"line":12,"column":8},"end":{"line":12,"column":16}},"type":"binary-expr","locations":[{"start":{"line":12,"column":8},"end":{"line":12,"column":17}},{"start":{"line":12,"column":8},"end":{"line":12,"column":16}}]}},"s":{"0":0,"1":0,"2":0,"3":0,"4":0},"f":{},"b":{"0":[0,0],"1":[0,0]}}
,"C:\\Users\\k-aliyu\\Documents\\GitHub\\stellarAid-api\\src\\users\\dto\\update-user.dto.ts": {"path":"C:\\Users\\k-aliyu\\Documents\\GitHub\\stellarAid-api\\src\\users\\dto\\update-user.dto.ts","statementMap":{"0":{"start":{"line":1,"column":0},"end":{"line":1,"column":null}},"1":{"start":{"line":8,"column":0},"end":{"line":8,"column":54}},"2":{"start":{"line":10,"column":0},"end":{"line":10,"column":13}},"3":{"start":{"line":19,"column":2},"end":{"line":19,"column":null}},"4":{"start":{"line":29,"column":2},"end":{"line":29,"column":null}},"5":{"start":{"line":39,"column":2},"end":{"line":39,"column":null}},"6":{"start":{"line":49,"column":2},"end":{"line":49,"column":null}},"7":{"start":{"line":58,"column":2},"end":{"line":58,"column":null}},"8":{"start":{"line":70,"column":2},"end":{"line":70,"column":null}}},"fnMap":{},"branchMap":{},"s":{"0":0,"1":0,"2":0,"3":0,"4":0,"5":0,"6":0,"7":0,"8":0},"f":{},"b":{}}
,"C:\\Users\\k-aliyu\\Documents\\GitHub\\stellarAid-api\\src\\users\\entities\\user.entity.ts": {"path":"C:\\Users\\k-aliyu\\Documents\\GitHub\\stellarAid-api\\src\\users\\entities\\user.entity.ts","statementMap":{"0":{"start":{"line":1,"column":0},"end":{"line":1,"column":61}},"1":{"start":{"line":2,"column":0},"end":{"line":2,"column":59}},"2":{"start":{"line":3,"column":0},"end":{"line":3,"column":null}},"3":{"start":{"line":16,"column":7},"end":{"line":99,"column":null}},"4":{"start":{"line":16,"column":13},"end":{"line":16,"column":17}},"5":{"start":{"line":18,"column":2},"end":{"line":18,"column":null}},"6":{"start":{"line":21,"column":2},"end":{"line":21,"column":null}},"7":{"start":{"line":24,"column":2},"end":{"line":24,"column":null}},"8":{"start":{"line":27,"column":2},"end":{"line":27,"column":null}},"9":{"start":{"line":30,"column":2},"end":{"line":30,"column":null}},"10":{"start":{"line":33,"column":2},"end":{"line":33,"column":null}},"11":{"start":{"line":36,"column":2},"end":{"line":36,"column":null}},"12":{"start":{"line":39,"column":2},"end":{"line":39,"column":null}},"13":{"start":{"line":42,"column":2},"end":{"line":42,"column":null}},"14":{"start":{"line":49,"column":2},"end":{"line":49,"column":null}},"15":{"start":{"line":52,"column":2},"end":{"line":52,"column":null}},"16":{"start":{"line":55,"column":2},"end":{"line":55,"column":null}},"17":{"start":{"line":58,"column":2},"end":{"line":58,"column":null}},"18":{"start":{"line":61,"column":2},"end":{"line":61,"column":null}},"19":{"start":{"line":64,"column":2},"end":{"line":64,"column":null}},"20":{"start":{"line":67,"column":2},"end":{"line":67,"column":null}},"21":{"start":{"line":70,"column":2},"end":{"line":70,"column":null}},"22":{"start":{"line":77,"column":2},"end":{"line":77,"column":null}},"23":{"start":{"line":80,"column":2},"end":{"line":80,"column":null}},"24":{"start":{"line":83,"column":2},"end":{"line":83,"column":null}},"25":{"start":{"line":86,"column":2},"end":{"line":86,"column":null}},"26":{"start":{"line":89,"column":2},"end":{"line":89,"column":null}},"27":{"start":{"line":92,"column":2},"end":{"line":92,"column":null}},"28":{"start":{"line":95,"column":2},"end":{"line":95,"column":null}},"29":{"start":{"line":98,"column":2},"end":{"line":98,"column":null}},"30":{"start":{"line":16,"column":13},"end":{"line":99,"column":null}}},"fnMap":{},"branchMap":{"0":{"loc":{"start":{"line":49,"column":8},"end":{"line":49,"column":17}},"type":"cond-expr","locations":[{"start":{"line":49,"column":16},"end":{"line":49,"column":17}},{"start":{"line":49,"column":16},"end":{"line":49,"column":17}}]},"1":{"loc":{"start":{"line":49,"column":8},"end":{"line":49,"column":16}},"type":"binary-expr","locations":[{"start":{"line":49,"column":8},"end":{"line":49,"column":17}},{"start":{"line":49,"column":8},"end":{"line":49,"column":16}}]},"2":{"loc":{"start":{"line":77,"column":13},"end":{"line":77,"column":23}},"type":"cond-expr","locations":[{"start":{"line":77,"column":22},"end":{"line":77,"column":23}},{"start":{"line":77,"column":22},"end":{"line":77,"column":23}}]},"3":{"loc":{"start":{"line":77,"column":13},"end":{"line":77,"column":22}},"type":"binary-expr","locations":[{"start":{"line":77,"column":13},"end":{"line":77,"column":23}},{"start":{"line":77,"column":13},"end":{"line":77,"column":22}}]},"4":{"loc":{"start":{"line":92,"column":13},"end":{"line":92,"column":18}},"type":"cond-expr","locations":[{"start":{"line":92,"column":17},"end":{"line":92,"column":18}},{"start":{"line":92,"column":17},"end":{"line":92,"column":18}}]},"5":{"loc":{"start":{"line":92,"column":13},"end":{"line":92,"column":17}},"type":"binary-expr","locations":[{"start":{"line":92,"column":13},"end":{"line":92,"column":18}},{"start":{"line":92,"column":13},"end":{"line":92,"column":17}}]},"6":{"loc":{"start":{"line":95,"column":13},"end":{"line":95,"column":18}},"type":"cond-expr","locations":[{"start":{"line":95,"column":17},"end":{"line":95,"column":18}},{"start":{"line":95,"column":17},"end":{"line":95,"column":18}}]},"7":{"loc":{"start":{"line":95,"column":13},"end":{"line":95,"column":17}},"type":"binary-expr","locations":[{"start":{"line":95,"column":13},"end":{"line":95,"column":18}},{"start":{"line":95,"column":13},"end":{"line":95,"column":17}}]}},"s":{"0":1,"1":1,"2":1,"3":1,"4":1,"5":1,"6":1,"7":1,"8":1,"9":1,"10":1,"11":1,"12":1,"13":1,"14":1,"15":1,"16":1,"17":1,"18":1,"19":1,"20":1,"21":1,"22":1,"23":1,"24":1,"25":1,"26":1,"27":1,"28":1,"29":1,"30":1},"f":{},"b":{"0":[0,1],"1":[1,1],"2":[0,1],"3":[1,1],"4":[1,0],"5":[1,1],"6":[1,0],"7":[1,1]}}
,"C:\\Users\\k-aliyu\\Documents\\GitHub\\stellarAid-api\\src\\users\\providers\\users.service.ts": {"path":"C:\\Users\\k-aliyu\\Documents\\GitHub\\stellarAid-api\\src\\users\\providers\\users.service.ts","statementMap":{"0":{"start":{"line":1,"column":0},"end":{"line":1,"column":null}},"1":{"start":{"line":6,"column":0},"end":{"line":6,"column":51}},"2":{"start":{"line":7,"column":0},"end":{"line":7,"column":37}},"3":{"start":{"line":8,"column":0},"end":{"line":8,"column":47}},"4":{"start":{"line":11,"column":0},"end":{"line":11,"column":61}},"5":{"start":{"line":16,"column":7},"end":{"line":193,"column":null}},"6":{"start":{"line":19,"column":21},"end":{"line":19,"column":37}},"7":{"start":{"line":23,"column":4},"end":{"line":40,"column":6}},"8":{"start":{"line":45,"column":17},"end":{"line":45,"column":69}},"9":{"start":{"line":46,"column":4},"end":{"line":48,"column":5}},"10":{"start":{"line":47,"column":6},"end":{"line":47,"column":52}},"11":{"start":{"line":49,"column":4},"end":{"line":49,"column":16}},"12":{"start":{"line":54,"column":4},"end":{"line":54,"column":61}},"13":{"start":{"line":62,"column":17},"end":{"line":62,"column":44}},"14":{"start":{"line":63,"column":4},"end":{"line":63,"column":39}},"15":{"start":{"line":64,"column":4},"end":{"line":64,"column":42}},"16":{"start":{"line":72,"column":17},"end":{"line":72,"column":44}},"17":{"start":{"line":74,"column":4},"end":{"line":74,"column":68}},"18":{"start":{"line":74,"column":37},"end":{"line":74,"column":68}},"19":{"start":{"line":75,"column":4},"end":{"line":75,"column":65}},"20":{"start":{"line":75,"column":36},"end":{"line":75,"column":65}},"21":{"start":{"line":76,"column":4},"end":{"line":76,"column":62}},"22":{"start":{"line":76,"column":35},"end":{"line":76,"column":62}},"23":{"start":{"line":77,"column":4},"end":{"line":77,"column":50}},"24":{"start":{"line":77,"column":31},"end":{"line":77,"column":50}},"25":{"start":{"line":78,"column":4},"end":{"line":78,"column":68}},"26":{"start":{"line":78,"column":37},"end":{"line":78,"column":68}},"27":{"start":{"line":79,"column":4},"end":{"line":79,"column":80}},"28":{"start":{"line":79,"column":41},"end":{"line":79,"column":80}},"29":{"start":{"line":81,"column":4},"end":{"line":90,"column":5}},"30":{"start":{"line":82,"column":6},"end":{"line":82,"column":43}},"31":{"start":{"line":84,"column":6},"end":{"line":88,"column":7}},"32":{"start":{"line":85,"column":8},"end":{"line":87,"column":10}},"33":{"start":{"line":89,"column":6},"end":{"line":89,"column":16}},"34":{"start":{"line":92,"column":4},"end":{"line":92,"column":35}},"35":{"start":{"line":97,"column":17},"end":{"line":97,"column":44}},"36":{"start":{"line":101,"column":29},"end":{"line":108,"column":6}},"37":{"start":{"line":109,"column":22},"end":{"line":109,"column":61}},"38":{"start":{"line":110,"column":40},"end":{"line":111,"column":null}},"39":{"start":{"line":114,"column":4},"end":{"line":131,"column":6}},"40":{"start":{"line":136,"column":15},"end":{"line":138,"column":38}},"41":{"start":{"line":140,"column":4},"end":{"line":142,"column":5}},"42":{"start":{"line":141,"column":6},"end":{"line":141,"column":61}},"43":{"start":{"line":144,"column":4},"end":{"line":148,"column":5}},"44":{"start":{"line":145,"column":6},"end":{"line":147,"column":9}},"45":{"start":{"line":150,"column":4},"end":{"line":159,"column":5}},"46":{"start":{"line":151,"column":23},"end":{"line":151,"column":51}},"47":{"start":{"line":152,"column":22},"end":{"line":152,"column":40}},"48":{"start":{"line":153,"column":6},"end":{"line":153,"column":45}},"49":{"start":{"line":155,"column":6},"end":{"line":158,"column":9}},"50":{"start":{"line":161,"column":4},"end":{"line":163,"column":31}},"51":{"start":{"line":165,"column":27},"end":{"line":165,"column":53}},"52":{"start":{"line":167,"column":4},"end":{"line":170,"column":6}},"53":{"start":{"line":168,"column":32},"end":{"line":168,"column":62}},"54":{"start":{"line":175,"column":17},"end":{"line":175,"column":40}},"55":{"start":{"line":176,"column":4},"end":{"line":176,"column":42}},"56":{"start":{"line":181,"column":17},"end":{"line":181,"column":40}},"57":{"start":{"line":182,"column":4},"end":{"line":182,"column":21}},"58":{"start":{"line":183,"column":24},"end":{"line":183,"column":60}},"59":{"start":{"line":184,"column":4},"end":{"line":184,"column":49}},"60":{"start":{"line":189,"column":17},"end":{"line":189,"column":40}},"61":{"start":{"line":190,"column":4},"end":{"line":190,"column":50}},"62":{"start":{"line":191,"column":4},"end":{"line":191,"column":52}},"63":{"start":{"line":16,"column":13},"end":{"line":16,"column":25}},"64":{"start":{"line":16,"column":13},"end":{"line":193,"column":null}}},"fnMap":{"0":{"name":"(anonymous_4)","decl":{"start":{"line":17,"column":2},"end":{"line":17,"column":null}},"loc":{"start":{"line":19,"column":53},"end":{"line":20,"column":6}}},"1":{"name":"(anonymous_5)","decl":{"start":{"line":22,"column":10},"end":{"line":22,"column":29}},"loc":{"start":{"line":22,"column":40},"end":{"line":41,"column":3}}},"2":{"name":"(anonymous_6)","decl":{"start":{"line":44,"column":9},"end":{"line":44,"column":14}},"loc":{"start":{"line":44,"column":34},"end":{"line":50,"column":3}}},"3":{"name":"(anonymous_7)","decl":{"start":{"line":53,"column":9},"end":{"line":53,"column":14}},"loc":{"start":{"line":53,"column":40},"end":{"line":55,"column":3}}},"4":{"name":"(anonymous_8)","decl":{"start":{"line":58,"column":9},"end":{"line":58,"column":14}},"loc":{"start":{"line":60,"column":25},"end":{"line":65,"column":3}}},"5":{"name":"(anonymous_9)","decl":{"start":{"line":68,"column":9},"end":{"line":68,"column":14}},"loc":{"start":{"line":70,"column":22},"end":{"line":93,"column":3}}},"6":{"name":"(anonymous_10)","decl":{"start":{"line":96,"column":9},"end":{"line":96,"column":14}},"loc":{"start":{"line":96,"column":40},"end":{"line":132,"column":3}}},"7":{"name":"(anonymous_11)","decl":{"start":{"line":135,"column":9},"end":{"line":135,"column":14}},"loc":{"start":{"line":135,"column":59},"end":{"line":171,"column":3}}},"8":{"name":"(anonymous_12)","decl":{"start":{"line":168,"column":22},"end":{"line":168,"column":23}},"loc":{"start":{"line":168,"column":32},"end":{"line":168,"column":62}}},"9":{"name":"(anonymous_13)","decl":{"start":{"line":174,"column":9},"end":{"line":174,"column":14}},"loc":{"start":{"line":174,"column":45},"end":{"line":177,"column":3}}},"10":{"name":"(anonymous_14)","decl":{"start":{"line":180,"column":9},"end":{"line":180,"column":14}},"loc":{"start":{"line":180,"column":56},"end":{"line":185,"column":3}}},"11":{"name":"(anonymous_15)","decl":{"start":{"line":188,"column":9},"end":{"line":188,"column":14}},"loc":{"start":{"line":188,"column":40},"end":{"line":192,"column":3}}}},"branchMap":{"0":{"loc":{"start":{"line":46,"column":4},"end":{"line":48,"column":5}},"type":"if","locations":[{"start":{"line":46,"column":4},"end":{"line":48,"column":5}},{"start":{},"end":{}}]},"1":{"loc":{"start":{"line":74,"column":4},"end":{"line":74,"column":68}},"type":"if","locations":[{"start":{"line":74,"column":4},"end":{"line":74,"column":68}},{"start":{},"end":{}}]},"2":{"loc":{"start":{"line":75,"column":4},"end":{"line":75,"column":65}},"type":"if","locations":[{"start":{"line":75,"column":4},"end":{"line":75,"column":65}},{"start":{},"end":{}}]},"3":{"loc":{"start":{"line":76,"column":4},"end":{"line":76,"column":62}},"type":"if","locations":[{"start":{"line":76,"column":4},"end":{"line":76,"column":62}},{"start":{},"end":{}}]},"4":{"loc":{"start":{"line":77,"column":4},"end":{"line":77,"column":50}},"type":"if","locations":[{"start":{"line":77,"column":4},"end":{"line":77,"column":50}},{"start":{},"end":{}}]},"5":{"loc":{"start":{"line":78,"column":4},"end":{"line":78,"column":68}},"type":"if","locations":[{"start":{"line":78,"column":4},"end":{"line":78,"column":68}},{"start":{},"end":{}}]},"6":{"loc":{"start":{"line":79,"column":4},"end":{"line":79,"column":80}},"type":"if","locations":[{"start":{"line":79,"column":4},"end":{"line":79,"column":80}},{"start":{},"end":{}}]},"7":{"loc":{"start":{"line":84,"column":6},"end":{"line":88,"column":7}},"type":"if","locations":[{"start":{"line":84,"column":6},"end":{"line":88,"column":7}},{"start":{},"end":{}}]},"8":{"loc":{"start":{"line":140,"column":4},"end":{"line":142,"column":5}},"type":"if","locations":[{"start":{"line":140,"column":4},"end":{"line":142,"column":5}},{"start":{},"end":{}}]},"9":{"loc":{"start":{"line":144,"column":4},"end":{"line":148,"column":5}},"type":"if","locations":[{"start":{"line":144,"column":4},"end":{"line":148,"column":5}},{"start":{},"end":{}}]},"10":{"loc":{"start":{"line":150,"column":4},"end":{"line":159,"column":5}},"type":"if","locations":[{"start":{"line":150,"column":4},"end":{"line":159,"column":5}},{"start":{},"end":{}}]},"11":{"loc":{"start":{"line":162,"column":12},"end":{"line":162,"column":29}},"type":"binary-expr","locations":[{"start":{"line":162,"column":12},"end":{"line":162,"column":24}},{"start":{"line":162,"column":28},"end":{"line":162,"column":29}}]},"12":{"loc":{"start":{"line":163,"column":12},"end":{"line":163,"column":29}},"type":"binary-expr","locations":[{"start":{"line":163,"column":12},"end":{"line":163,"column":23}},{"start":{"line":163,"column":27},"end":{"line":163,"column":29}}]},"13":{"loc":{"start":{"line":19,"column":37},"end":{"line":19,"column":53}},"type":"cond-expr","locations":[{"start":{"line":19,"column":47},"end":{"line":19,"column":53}},{"start":{"line":19,"column":47},"end":{"line":19,"column":53}}]},"14":{"loc":{"start":{"line":19,"column":37},"end":{"line":19,"column":47}},"type":"binary-expr","locations":[{"start":{"line":19,"column":37},"end":{"line":19,"column":53}},{"start":{"line":19,"column":37},"end":{"line":19,"column":47}}]}},"s":{"0":0,"1":0,"2":0,"3":0,"4":0,"5":0,"6":0,"7":0,"8":0,"9":0,"10":0,"11":0,"12":0,"13":0,"14":0,"15":0,"16":0,"17":0,"18":0,"19":0,"20":0,"21":0,"22":0,"23":0,"24":0,"25":0,"26":0,"27":0,"28":0,"29":0,"30":0,"31":0,"32":0,"33":0,"34":0,"35":0,"36":0,"37":0,"38":0,"39":0,"40":0,"41":0,"42":0,"43":0,"44":0,"45":0,"46":0,"47":0,"48":0,"49":0,"50":0,"51":0,"52":0,"53":0,"54":0,"55":0,"56":0,"57":0,"58":0,"59":0,"60":0,"61":0,"62":0,"63":0,"64":0},"f":{"0":0,"1":0,"2":0,"3":0,"4":0,"5":0,"6":0,"7":0,"8":0,"9":0,"10":0,"11":0},"b":{"0":[0,0],"1":[0,0],"2":[0,0],"3":[0,0],"4":[0,0],"5":[0,0],"6":[0,0],"7":[0,0],"8":[0,0],"9":[0,0],"10":[0,0],"11":[0,0],"12":[0,0],"13":[0,0],"14":[0,0]}}
}
