TN:
SF:src\app.controller.ts
FN:6,(anonymous_2)
FN:9,(anonymous_3)
FNF:2
FNH:0
FNDA:0,(anonymous_2)
FNDA:0,(anonymous_3)
DA:1,0
DA:2,0
DA:5,0
DA:6,0
DA:9,0
DA:10,0
LF:6
LH:0
BRDA:6,0,0,0
BRDA:6,0,1,0
BRDA:6,1,0,0
BRDA:6,1,1,0
BRF:4
BRH:0
end_of_record
TN:
SF:src\app.module.ts
FNF:0
FNH:0
DA:1,0
DA:2,0
DA:3,0
DA:4,0
DA:5,0
DA:6,0
DA:7,0
DA:8,0
DA:9,0
DA:10,0
DA:11,0
DA:12,0
DA:33,0
LF:13
LH:0
BRF:0
BRH:0
end_of_record
TN:
SF:src\app.service.ts
FN:5,(anonymous_1)
FNF:1
FNH:0
FNDA:0,(anonymous_1)
DA:1,0
DA:4,0
DA:6,0
LF:3
LH:0
BRF:0
BRH:0
end_of_record
TN:
SF:src\main.ts
FN:7,bootstrap
FN:61,(anonymous_1)
FNF:2
FNH:0
FNDA:0,bootstrap
FNDA:0,(anonymous_1)
DA:1,0
DA:2,0
DA:3,0
DA:4,0
DA:5,0
DA:8,0
DA:9,0
DA:11,0
DA:23,0
DA:27,0
DA:29,0
DA:30,0
DA:52,0
DA:53,0
DA:61,0
DA:62,0
DA:65,0
DA:66,0
DA:69,0
DA:71,0
DA:76,0
DA:77,0
DA:78,0
DA:79,0
DA:83,0
DA:85,0
DA:88,0
LF:27
LH:0
BRDA:27,0,0,0
BRDA:27,0,1,0
BRDA:29,1,0,0
BRDA:29,1,1,0
BRDA:69,2,0,0
BRDA:69,2,1,0
BRDA:72,3,0,0
BRDA:72,3,1,0
BRF:8
BRH:0
end_of_record
TN:
SF:src\auth\auth.controller.ts
FN:35,(anonymous_4)
FN:47,(anonymous_5)
FN:61,(anonymous_6)
FN:79,(anonymous_7)
FN:93,(anonymous_8)
FN:109,(anonymous_9)
FN:126,(anonymous_10)
FNF:7
FNH:7
FNDA:13,(anonymous_4)
FNDA:2,(anonymous_5)
FNDA:2,(anonymous_6)
FNDA:2,(anonymous_7)
FNDA:2,(anonymous_8)
FNDA:2,(anonymous_9)
FNDA:3,(anonymous_10)
DA:1,1
DA:11,1
DA:12,1
DA:23,1
DA:24,1
DA:25,1
DA:26,1
DA:27,1
DA:28,1
DA:29,1
DA:34,1
DA:35,13
DA:47,1
DA:48,2
DA:61,1
DA:65,2
DA:79,1
DA:80,2
DA:93,1
DA:96,2
DA:109,1
DA:112,2
DA:126,1
DA:129,3
LF:24
LH:24
BRDA:47,0,0,1
BRDA:47,0,1,0
BRDA:47,1,0,1
BRDA:47,1,1,1
BRDA:47,2,0,1
BRDA:47,2,1,0
BRDA:47,3,0,1
BRDA:47,3,1,1
BRDA:62,4,0,1
BRDA:62,4,1,0
BRDA:62,5,0,1
BRDA:62,5,1,1
BRDA:64,6,0,1
BRDA:64,6,1,0
BRDA:64,7,0,1
BRDA:64,7,1,1
BRDA:94,8,0,1
BRDA:94,8,1,0
BRDA:94,9,0,1
BRDA:94,9,1,1
BRDA:95,10,0,1
BRDA:95,10,1,0
BRDA:95,11,0,1
BRDA:95,11,1,1
BRDA:110,12,0,1
BRDA:110,12,1,0
BRDA:110,13,0,1
BRDA:110,13,1,1
BRDA:111,14,0,1
BRDA:111,14,1,0
BRDA:111,15,0,1
BRDA:111,15,1,1
BRDA:127,16,0,1
BRDA:127,16,1,0
BRDA:127,17,0,1
BRDA:127,17,1,1
BRDA:128,18,0,1
BRDA:128,18,1,0
BRDA:128,19,0,1
BRDA:128,19,1,1
BRDA:35,20,0,1
BRDA:35,20,1,0
BRDA:35,21,0,1
BRDA:35,21,1,1
BRF:44
BRH:33
end_of_record
TN:
SF:src\auth\auth.module.ts
FN:44,(anonymous_1)
FN:27,(anonymous_2)
FNF:2
FNH:0
FNDA:0,(anonymous_1)
FNDA:0,(anonymous_2)
DA:1,0
DA:7,0
DA:8,0
DA:9,0
DA:10,0
DA:11,0
DA:12,0
DA:13,0
DA:15,0
DA:16,0
DA:17,0
DA:18,0
DA:27,0
DA:43,0
DA:45,0
LF:15
LH:0
BRF:0
BRH:0
end_of_record
TN:
SF:src\auth\dto\auth-response.dto.ts
FNF:0
FNH:0
DA:1,1
DA:2,1
DA:4,1
DA:10,1
DA:17,1
DA:23,1
DA:29,1
DA:35,1
DA:42,1
DA:48,1
DA:51,1
DA:56,1
DA:62,1
DA:68,1
LF:14
LH:14
BRDA:42,0,0,0
BRDA:42,0,1,1
BRDA:42,1,0,1
BRDA:42,1,1,1
BRF:4
BRH:3
end_of_record
TN:
SF:src\auth\dto\login.dto.ts
FNF:0
FNH:0
DA:1,1
DA:2,1
DA:4,1
DA:12,1
DA:21,1
LF:5
LH:5
BRF:0
BRH:0
end_of_record
TN:
SF:src\auth\dto\refresh-token.dto.ts
FNF:0
FNH:0
DA:1,1
DA:2,1
DA:4,1
DA:11,1
LF:4
LH:4
BRF:0
BRH:0
end_of_record
TN:
SF:src\auth\dto\register.dto.ts
FNF:0
FNH:0
DA:1,1
DA:10,1
DA:11,1
DA:13,1
DA:21,1
DA:39,1
DA:48,1
DA:57,1
DA:66,1
DA:75,1
LF:10
LH:10
BRDA:75,0,0,0
BRDA:75,0,1,1
BRDA:75,1,0,1
BRDA:75,1,1,1
BRF:4
BRH:3
end_of_record
TN:
SF:src\auth\dto\resend-verification.dto.ts
FNF:0
FNH:0
DA:1,1
DA:2,1
DA:4,1
DA:12,1
LF:4
LH:4
BRF:0
BRH:0
end_of_record
TN:
SF:src\auth\dto\verify-email.dto.ts
FNF:0
FNH:0
DA:1,1
DA:2,1
DA:4,1
DA:11,1
LF:4
LH:4
BRF:0
BRH:0
end_of_record
TN:
SF:src\auth\providers\auth.service.ts
FN:35,(anonymous_13)
FN:43,(anonymous_14)
FN:91,(anonymous_15)
FN:120,(anonymous_16)
FN:148,(anonymous_17)
FN:188,(anonymous_18)
FN:199,(anonymous_19)
FN:227,(anonymous_20)
FN:247,(anonymous_21)
FN:294,(anonymous_22)
FN:359,(anonymous_23)
FN:394,(anonymous_24)
FN:438,(anonymous_25)
FNF:13
FNH:0
FNDA:0,(anonymous_13)
FNDA:0,(anonymous_14)
FNDA:0,(anonymous_15)
FNDA:0,(anonymous_16)
FNDA:0,(anonymous_17)
FNDA:0,(anonymous_18)
FNDA:0,(anonymous_19)
FNDA:0,(anonymous_20)
FNDA:0,(anonymous_21)
FNDA:0,(anonymous_22)
FNDA:0,(anonymous_23)
FNDA:0,(anonymous_24)
FNDA:0,(anonymous_25)
DA:1,1
DA:11,1
DA:12,1
DA:13,1
DA:14,1
DA:15,1
DA:16,1
DA:17,1
DA:21,1
DA:27,1
DA:32,1
DA:33,0
DA:37,0
DA:38,0
DA:39,0
DA:47,0
DA:48,0
DA:49,0
DA:52,0
DA:56,0
DA:57,0
DA:61,0
DA:62,0
DA:65,0
DA:66,0
DA:67,0
DA:70,0
DA:71,0
DA:76,0
DA:84,0
DA:87,0
DA:92,0
DA:96,0
DA:97,0
DA:100,0
DA:101,0
DA:103,0
DA:110,0
DA:114,0
DA:116,0
DA:124,0
DA:128,0
DA:129,0
DA:132,0
DA:136,0
DA:137,0
DA:142,0
DA:144,0
DA:149,0
DA:156,0
DA:168,0
DA:169,0
DA:170,0
DA:172,0
DA:189,0
DA:192,0
DA:193,0
DA:195,0
DA:203,0
DA:207,0
DA:208,0
DA:211,0
DA:215,0
DA:218,0
DA:219,0
DA:220,0
DA:221,0
DA:223,0
DA:230,0
DA:234,0
DA:235,0
DA:238,0
DA:239,0
DA:243,0
DA:248,0
DA:251,0
DA:252,0
DA:258,0
DA:259,0
DA:260,0
DA:261,0
DA:263,0
DA:264,0
DA:265,0
DA:266,0
DA:268,0
DA:270,0
DA:271,0
DA:275,0
DA:284,0
DA:287,0
DA:298,0
DA:299,0
DA:300,0
DA:303,0
DA:304,0
DA:307,0
DA:312,0
DA:315,0
DA:316,0
DA:319,0
DA:323,0
DA:324,0
DA:328,0
DA:329,0
DA:330,0
DA:331,0
DA:332,0
DA:333,0
DA:335,0
DA:336,0
DA:338,0
DA:340,0
DA:346,0
DA:352,0
DA:355,0
DA:363,0
DA:364,0
DA:365,0
DA:368,0
DA:369,0
DA:370,0
DA:371,0
DA:372,0
DA:374,0
DA:376,0
DA:381,0
DA:387,0
DA:390,0
DA:398,0
DA:399,0
DA:400,0
DA:403,0
DA:404,0
DA:406,0
DA:407,0
DA:408,0
DA:409,0
DA:410,0
DA:413,0
DA:415,0
DA:417,0
DA:423,0
DA:431,0
DA:434,0
DA:441,0
DA:443,0
DA:448,0
DA:451,0
DA:452,0
DA:456,0
DA:457,0
DA:460,0
DA:463,0
DA:467,0
DA:469,0
DA:472,0
DA:473,0
DA:474,0
DA:478,0
DA:482,0
DA:484,0
DA:486,0
DA:490,0
DA:492,0
LF:165
LH:11
BRDA:48,0,0,0
BRDA:48,0,1,0
BRDA:56,1,0,0
BRDA:56,1,1,0
BRDA:71,2,0,0
BRDA:71,2,1,0
BRDA:72,3,0,0
BRDA:72,3,1,0
BRDA:96,4,0,0
BRDA:96,4,1,0
BRDA:128,5,0,0
BRDA:128,5,1,0
BRDA:136,6,0,0
BRDA:136,6,1,0
BRDA:153,7,0,0
BRDA:153,7,1,0
BRDA:181,8,0,0
BRDA:181,8,1,0
BRDA:192,9,0,0
BRDA:192,9,1,0
BRDA:207,10,0,0
BRDA:207,10,1,0
BRDA:211,11,0,0
BRDA:211,11,1,0
BRDA:212,12,0,0
BRDA:212,12,1,0
BRDA:234,13,0,0
BRDA:234,13,1,0
BRDA:238,14,0,0
BRDA:238,14,1,0
BRDA:251,15,0,0
BRDA:251,15,1,0
BRDA:271,16,0,0
BRDA:271,16,1,0
BRDA:272,17,0,0
BRDA:272,17,1,0
BRDA:299,18,0,0
BRDA:299,18,1,0
BRDA:307,19,0,0
BRDA:307,19,1,0
BRDA:308,20,0,0
BRDA:308,20,1,0
BRDA:308,20,2,0
BRDA:315,21,0,0
BRDA:315,21,1,0
BRDA:323,22,0,0
BRDA:323,22,1,0
BRDA:340,23,0,0
BRDA:340,23,1,0
BRDA:341,24,0,0
BRDA:341,24,1,0
BRDA:364,25,0,0
BRDA:364,25,1,0
BRDA:376,26,0,0
BRDA:376,26,1,0
BRDA:377,27,0,0
BRDA:377,27,1,0
BRDA:399,28,0,0
BRDA:399,28,1,0
BRDA:406,29,0,0
BRDA:406,29,1,0
BRDA:409,30,0,0
BRDA:409,30,1,0
BRDA:410,31,0,0
BRDA:410,31,1,0
BRDA:417,32,0,0
BRDA:417,32,1,0
BRDA:418,33,0,0
BRDA:418,33,1,0
BRDA:427,34,0,0
BRDA:427,34,1,0
BRDA:451,35,0,0
BRDA:451,35,1,0
BRDA:456,36,0,0
BRDA:456,36,1,0
BRDA:467,37,0,0
BRDA:467,37,1,0
BRDA:486,38,0,0
BRDA:486,38,1,0
BRDA:487,39,0,0
BRDA:487,39,1,0
BRDA:37,40,0,1
BRDA:37,40,1,0
BRDA:37,41,0,1
BRDA:37,41,1,1
BRDA:37,42,0,1
BRDA:37,42,1,0
BRDA:37,43,0,1
BRDA:37,43,1,1
BRDA:38,44,0,1
BRDA:38,44,1,0
BRDA:38,45,0,1
BRDA:38,45,1,1
BRF:93
BRH:9
end_of_record
TN:
SF:src\auth\strategies\jwt.strategy.ts
FN:11,(anonymous_2)
FN:19,(anonymous_3)
FNF:2
FNH:0
FNDA:0,(anonymous_2)
FNDA:0,(anonymous_3)
DA:1,0
DA:2,0
DA:3,0
DA:4,0
DA:7,0
DA:10,0
DA:11,0
DA:12,0
DA:20,0
DA:21,0
DA:23,0
LF:11
LH:0
BRDA:20,0,0,0
BRDA:20,0,1,0
BRDA:11,1,0,0
BRDA:11,1,1,0
BRDA:11,2,0,0
BRDA:11,2,1,0
BRF:6
BRH:0
end_of_record
TN:
SF:src\common\decorators\current-user.decorator.ts
FN:6,(anonymous_0)
FNF:1
FNH:0
FNDA:0,(anonymous_0)
DA:1,0
DA:5,0
DA:7,0
DA:10,0
DA:11,0
LF:5
LH:0
BRDA:11,0,0,0
BRDA:11,0,1,0
BRF:2
BRH:0
end_of_record
TN:
SF:src\common\decorators\public.decorator.ts
FN:4,(anonymous_0)
FNF:1
FNH:0
FNDA:0,(anonymous_0)
DA:1,0
DA:3,0
DA:4,0
LF:3
LH:0
BRF:0
BRH:0
end_of_record
TN:
SF:src\common\decorators\roles.decorator.ts
FN:5,(anonymous_0)
FNF:1
FNH:0
FNDA:0,(anonymous_0)
DA:1,0
DA:4,0
DA:5,0
LF:3
LH:0
BRF:0
BRH:0
end_of_record
TN:
SF:src\common\enums\kyc-status.enum.ts
FN:1,(anonymous_0)
FNF:1
FNH:1
FNDA:1,(anonymous_0)
DA:1,1
DA:2,1
DA:3,1
DA:4,1
DA:5,1
LF:5
LH:5
BRDA:1,0,0,1
BRDA:1,0,1,1
BRF:2
BRH:2
end_of_record
TN:
SF:src\common\enums\project-category.enum.ts
FN:1,(anonymous_0)
FNF:1
FNH:0
FNDA:0,(anonymous_0)
DA:1,0
DA:2,0
DA:3,0
DA:4,0
DA:5,0
DA:6,0
DA:7,0
DA:8,0
DA:9,0
LF:9
LH:0
BRDA:1,0,0,0
BRDA:1,0,1,0
BRF:2
BRH:0
end_of_record
TN:
SF:src\common\enums\project-status.enum.ts
FN:1,(anonymous_0)
FNF:1
FNH:0
FNDA:0,(anonymous_0)
DA:1,0
DA:2,0
DA:3,0
DA:4,0
DA:5,0
DA:6,0
DA:7,0
DA:8,0
LF:8
LH:0
BRDA:1,0,0,0
BRDA:1,0,1,0
BRF:2
BRH:0
end_of_record
TN:
SF:src\common\enums\projects-sortBy.enum.ts
FN:1,(anonymous_0)
FNF:1
FNH:0
FNDA:0,(anonymous_0)
DA:1,0
DA:2,0
DA:3,0
DA:4,0
LF:4
LH:0
BRDA:1,0,0,0
BRDA:1,0,1,0
BRF:2
BRH:0
end_of_record
TN:
SF:src\common\enums\user-role.enum.ts
FN:1,(anonymous_0)
FNF:1
FNH:1
FNDA:1,(anonymous_0)
DA:1,1
DA:2,1
DA:3,1
DA:4,1
DA:5,1
LF:5
LH:5
BRDA:1,0,0,1
BRDA:1,0,1,1
BRF:2
BRH:2
end_of_record
TN:
SF:src\common\filters\http-exeption.filter.ts
FN:14,(anonymous_4)
FN:15,(anonymous_5)
FN:32,(anonymous_6)
FNF:3
FNH:0
FNDA:0,(anonymous_4)
FNDA:0,(anonymous_5)
FNDA:0,(anonymous_6)
DA:1,0
DA:10,0
DA:13,0
DA:14,0
DA:16,0
DA:17,0
DA:18,0
DA:20,0
DA:21,0
DA:23,0
DA:24,0
DA:26,0
DA:27,0
DA:28,0
DA:29,0
DA:30,0
DA:31,0
DA:32,0
DA:40,0
DA:41,0
DA:42,0
DA:48,0
LF:22
LH:0
BRDA:26,0,0,0
BRDA:26,0,1,0
BRDA:28,1,0,0
BRDA:28,1,1,0
BRDA:30,2,0,0
BRDA:30,2,1,0
BRDA:31,3,0,0
BRDA:31,3,1,0
BRDA:40,4,0,0
BRDA:40,4,1,0
BRDA:41,5,0,0
BRDA:41,5,1,0
BRDA:14,6,0,0
BRDA:14,6,1,0
BRDA:14,7,0,0
BRDA:14,7,1,0
BRF:16
BRH:0
end_of_record
TN:
SF:src\common\guards\file-upload.guard.ts
FN:5,(anonymous_1)
FNF:1
FNH:0
FNDA:0,(anonymous_1)
DA:1,0
DA:4,0
DA:6,0
DA:7,0
DA:9,0
DA:10,0
DA:14,0
DA:15,0
DA:16,0
DA:22,0
DA:23,0
DA:24,0
DA:29,0
LF:13
LH:0
BRDA:9,0,0,0
BRDA:9,0,1,0
BRDA:15,1,0,0
BRDA:15,1,1,0
BRDA:23,2,0,0
BRDA:23,2,1,0
BRF:6
BRH:0
end_of_record
TN:
SF:src\common\guards\jwt-auth.guard.ts
FN:10,(anonymous_2)
FN:14,(anonymous_3)
FNF:2
FNH:0
FNDA:0,(anonymous_2)
FNDA:0,(anonymous_3)
DA:1,0
DA:2,0
DA:3,0
DA:5,0
DA:6,0
DA:9,0
DA:10,0
DA:11,0
DA:17,0
DA:21,0
DA:22,0
LF:11
LH:0
BRDA:21,0,0,0
BRDA:21,0,1,0
BRDA:10,1,0,0
BRDA:10,1,1,0
BRDA:10,2,0,0
BRDA:10,2,1,0
BRF:6
BRH:0
end_of_record
TN:
SF:src\common\guards\roles.guard.ts
FN:8,(anonymous_2)
FN:10,(anonymous_3)
FN:25,(anonymous_4)
FNF:3
FNH:0
FNDA:0,(anonymous_2)
FNDA:0,(anonymous_3)
FNDA:0,(anonymous_4)
DA:1,0
DA:2,0
DA:3,0
DA:7,0
DA:8,0
DA:11,0
DA:16,0
DA:17,0
DA:20,0
DA:21,0
DA:22,0
DA:25,0
LF:12
LH:0
BRDA:16,0,0,0
BRDA:16,0,1,0
BRDA:21,1,0,0
BRDA:21,1,1,0
BRDA:8,2,0,0
BRDA:8,2,1,0
BRDA:8,3,0,0
BRDA:8,3,1,0
BRF:8
BRH:0
end_of_record
TN:
SF:src\common\interceptors\logging.interceptor.ts
FN:14,(anonymous_1)
FN:20,(anonymous_2)
FNF:2
FNH:0
FNDA:0,(anonymous_1)
FNDA:0,(anonymous_2)
DA:1,0
DA:8,0
DA:11,0
DA:12,0
DA:15,0
DA:16,0
DA:17,0
DA:19,0
DA:21,0
DA:22,0
DA:24,0
LF:11
LH:0
BRF:0
BRH:0
end_of_record
TN:
SF:src\common\middleware\token-validation.middleware.ts
FN:10,(anonymous_1)
FNF:1
FNH:0
FNDA:0,(anonymous_1)
DA:1,0
DA:9,0
DA:11,0
DA:13,0
DA:15,0
DA:16,0
DA:21,0
DA:22,0
DA:23,0
DA:28,0
LF:10
LH:0
BRDA:13,0,0,0
BRDA:13,0,1,0
BRDA:15,1,0,0
BRDA:15,1,1,0
BRDA:22,2,0,0
BRDA:22,2,1,0
BRF:6
BRH:0
end_of_record
TN:
SF:src\common\services\file-upload.service.ts
FN:13,(anonymous_2)
FN:23,(anonymous_3)
FN:49,(anonymous_4)
FN:68,(anonymous_5)
FNF:4
FNH:0
FNDA:0,(anonymous_2)
FNDA:0,(anonymous_3)
FNDA:0,(anonymous_4)
FNDA:0,(anonymous_5)
DA:1,0
DA:2,0
DA:3,0
DA:4,0
DA:5,0
DA:9,0
DA:10,0
DA:13,0
DA:14,0
DA:24,0
DA:25,0
DA:26,0
DA:28,0
DA:29,0
DA:39,0
DA:41,0
DA:42,0
DA:44,0
DA:45,0
DA:50,0
DA:51,0
DA:52,0
DA:54,0
DA:61,0
DA:63,0
DA:64,0
DA:69,0
LF:27
LH:0
BRDA:68,0,0,0
BRDA:13,1,0,0
BRDA:13,1,1,0
BRDA:13,2,0,0
BRDA:13,2,1,0
BRF:5
BRH:0
end_of_record
TN:
SF:src\database\app-config.service.ts
FN:7,(anonymous_2)
FN:9,(anonymous_3)
FN:13,(anonymous_4)
FN:17,(anonymous_5)
FN:21,(anonymous_6)
FN:25,(anonymous_7)
FN:29,(anonymous_8)
FNF:7
FNH:0
FNDA:0,(anonymous_2)
FNDA:0,(anonymous_3)
FNDA:0,(anonymous_4)
FNDA:0,(anonymous_5)
FNDA:0,(anonymous_6)
FNDA:0,(anonymous_7)
FNDA:0,(anonymous_8)
DA:1,0
DA:2,0
DA:6,0
DA:7,0
DA:10,0
DA:14,0
DA:18,0
DA:22,0
DA:26,0
DA:30,0
LF:10
LH:0
BRDA:7,0,0,0
BRDA:7,0,1,0
BRDA:7,1,0,0
BRDA:7,1,1,0
BRF:4
BRH:0
end_of_record
TN:
SF:src\database\config.ts
FN:3,(anonymous_0)
FNF:1
FNH:0
FNDA:0,(anonymous_0)
DA:3,0
LF:1
LH:0
BRDA:4,0,0,0
BRDA:4,0,1,0
BRDA:7,1,0,0
BRDA:7,1,1,0
BRDA:8,2,0,0
BRDA:8,2,1,0
BRDA:10,3,0,0
BRDA:10,3,1,0
BRDA:12,4,0,0
BRDA:12,4,1,0
BRDA:14,5,0,0
BRDA:14,5,1,0
BRDA:25,6,0,0
BRDA:25,6,1,0
BRF:14
BRH:0
end_of_record
TN:
SF:src\database\data-source.ts
FNF:0
FNH:0
DA:1,0
DA:2,0
DA:4,0
DA:6,0
LF:4
LH:0
BRDA:9,0,0,0
BRDA:9,0,1,0
BRF:2
BRH:0
end_of_record
TN:
SF:src\database\database.module.ts
FN:10,(anonymous_1)
FNF:1
FNH:0
FNDA:0,(anonymous_1)
DA:1,0
DA:2,0
DA:3,0
DA:10,0
DA:23,0
LF:5
LH:0
BRF:0
BRH:0
end_of_record
TN:
SF:src\database\env.validation.ts
FNF:0
FNH:0
DA:1,0
DA:3,0
LF:2
LH:0
BRF:0
BRH:0
end_of_record
TN:
SF:src\database\migrations\1711382400000-CreateDonationsTable.ts
FN:4,(anonymous_0)
FN:98,(anonymous_1)
FN:103,(anonymous_2)
FN:108,(anonymous_3)
FN:114,(anonymous_4)
FN:119,(anonymous_5)
FNF:6
FNH:0
FNDA:0,(anonymous_0)
FNDA:0,(anonymous_1)
FNDA:0,(anonymous_2)
FNDA:0,(anonymous_3)
FNDA:0,(anonymous_4)
FNDA:0,(anonymous_5)
DA:1,0
DA:3,0
DA:5,0
DA:58,0
DA:66,0
DA:75,0
DA:86,0
DA:99,0
DA:101,0
DA:103,0
DA:104,0
DA:105,0
DA:108,0
DA:109,0
DA:110,0
DA:114,0
DA:115,0
DA:116,0
DA:119,0
DA:120,0
DA:121,0
DA:125,0
LF:22
LH:0
BRDA:101,0,0,0
BRDA:101,0,1,0
BRDA:104,1,0,0
BRDA:104,1,1,0
BRDA:109,2,0,0
BRDA:109,2,1,0
BRDA:115,3,0,0
BRDA:115,3,1,0
BRDA:120,4,0,0
BRDA:120,4,1,0
BRF:10
BRH:0
end_of_record
TN:
SF:src\donations\donations.controller.ts
FN:21,(anonymous_4)
FN:29,(anonymous_5)
FN:38,(anonymous_6)
FN:49,(anonymous_7)
FN:58,(anonymous_8)
FN:71,(anonymous_9)
FN:83,(anonymous_10)
FN:92,(anonymous_11)
FN:104,(anonymous_12)
FN:111,(anonymous_13)
FN:118,(anonymous_14)
FNF:11
FNH:0
FNDA:0,(anonymous_4)
FNDA:0,(anonymous_5)
FNDA:0,(anonymous_6)
FNDA:0,(anonymous_7)
FNDA:0,(anonymous_8)
FNDA:0,(anonymous_9)
FNDA:0,(anonymous_10)
FNDA:0,(anonymous_11)
FNDA:0,(anonymous_12)
FNDA:0,(anonymous_13)
FNDA:0,(anonymous_14)
DA:1,0
DA:12,0
DA:13,0
DA:14,0
DA:15,0
DA:16,0
DA:20,0
DA:21,0
DA:29,0
DA:30,0
DA:38,0
DA:42,0
DA:49,0
DA:50,0
DA:58,0
DA:63,0
DA:71,0
DA:76,0
DA:83,0
DA:84,0
DA:92,0
DA:96,0
DA:104,0
DA:105,0
DA:111,0
DA:112,0
DA:118,0
DA:119,0
LF:28
LH:0
BRDA:39,0,0,0
BRDA:40,1,0,0
BRDA:60,2,0,0
BRDA:61,3,0,0
BRDA:73,4,0,0
BRDA:74,5,0,0
BRDA:29,6,0,0
BRDA:29,6,1,0
BRDA:29,7,0,0
BRDA:29,7,1,0
BRDA:94,8,0,0
BRDA:94,8,1,0
BRDA:94,9,0,0
BRDA:94,9,1,0
BRDA:21,10,0,0
BRDA:21,10,1,0
BRDA:21,11,0,0
BRDA:21,11,1,0
BRF:18
BRH:0
end_of_record
TN:
SF:src\donations\donations.module.ts
FNF:0
FNH:0
DA:1,0
DA:2,0
DA:3,0
DA:4,0
DA:5,0
DA:6,0
DA:7,0
DA:17,0
LF:8
LH:0
BRF:0
BRH:0
end_of_record
TN:
SF:src\donations\dto\create-donation.dto.ts
FNF:0
FNH:0
DA:1,0
DA:2,0
DA:4,0
DA:8,0
DA:14,0
DA:19,0
DA:24,0
DA:28,0
LF:8
LH:0
BRF:0
BRH:0
end_of_record
TN:
SF:src\donations\dto\donation-response.dto.ts
FN:29,(anonymous_2)
FNF:1
FNH:0
FNDA:0,(anonymous_2)
DA:1,0
DA:4,0
DA:6,0
DA:9,0
DA:12,0
DA:15,0
DA:18,0
DA:21,0
DA:24,0
DA:27,0
DA:30,0
LF:11
LH:0
BRDA:27,0,0,0
BRDA:27,0,1,0
BRDA:27,1,0,0
BRDA:27,1,1,0
BRF:4
BRH:0
end_of_record
TN:
SF:src\donations\dto\update-donation.dto.ts
FNF:0
FNH:0
DA:1,0
DA:2,0
DA:4,0
LF:3
LH:0
BRF:0
BRH:0
end_of_record
TN:
SF:src\donations\entities\donation.entity.ts
FN:25,(anonymous_2)
FN:25,(anonymous_3)
FN:34,(anonymous_4)
FNF:3
FNH:0
FNDA:0,(anonymous_2)
FNDA:0,(anonymous_3)
FNDA:0,(anonymous_4)
DA:1,0
DA:11,0
DA:12,0
DA:18,0
DA:20,0
DA:23,0
DA:25,0
DA:29,0
DA:32,0
DA:34,0
DA:36,0
DA:39,0
DA:42,0
DA:45,0
DA:48,0
DA:51,0
LF:16
LH:0
BRDA:29,0,0,0
BRDA:29,0,1,0
BRDA:29,1,0,0
BRDA:29,1,1,0
BRDA:51,2,0,0
BRDA:51,2,1,0
BRDA:51,3,0,0
BRDA:51,3,1,0
BRF:8
BRH:0
end_of_record
TN:
SF:src\donations\providers\donations.service.ts
FN:11,(anonymous_4)
FN:16,(anonymous_5)
FN:32,(anonymous_6)
FN:41,(anonymous_7)
FN:46,(anonymous_8)
FN:59,(anonymous_9)
FN:69,(anonymous_10)
FN:74,(anonymous_11)
FN:84,(anonymous_12)
FN:89,(anonymous_13)
FN:102,(anonymous_14)
FN:118,(anonymous_15)
FN:123,(anonymous_16)
FN:133,(anonymous_17)
FNF:14
FNH:0
FNDA:0,(anonymous_4)
FNDA:0,(anonymous_5)
FNDA:0,(anonymous_6)
FNDA:0,(anonymous_7)
FNDA:0,(anonymous_8)
FNDA:0,(anonymous_9)
FNDA:0,(anonymous_10)
FNDA:0,(anonymous_11)
FNDA:0,(anonymous_12)
FNDA:0,(anonymous_13)
FNDA:0,(anonymous_14)
FNDA:0,(anonymous_15)
FNDA:0,(anonymous_16)
FNDA:0,(anonymous_17)
DA:1,0
DA:2,0
DA:3,0
DA:4,0
DA:7,0
DA:10,0
DA:13,0
DA:17,0
DA:18,0
DA:22,0
DA:23,0
DA:25,0
DA:26,0
DA:28,0
DA:33,0
DA:40,0
DA:41,0
DA:47,0
DA:52,0
DA:53,0
DA:56,0
DA:60,0
DA:68,0
DA:69,0
DA:75,0
DA:83,0
DA:84,0
DA:90,0
DA:95,0
DA:96,0
DA:99,0
DA:103,0
DA:105,0
DA:107,0
DA:108,0
DA:109,0
DA:111,0
DA:112,0
DA:114,0
DA:119,0
DA:120,0
DA:124,0
DA:130,0
DA:134,0
LF:44
LH:0
BRDA:25,0,0,0
BRDA:25,0,1,0
BRDA:32,1,0,0
BRDA:32,2,0,0
BRDA:52,3,0,0
BRDA:52,3,1,0
BRDA:59,4,0,0
BRDA:59,5,0,0
BRDA:74,6,0,0
BRDA:74,7,0,0
BRDA:95,8,0,0
BRDA:95,8,1,0
BRDA:111,9,0,0
BRDA:111,9,1,0
BRDA:130,10,0,0
BRDA:130,10,1,0
BRDA:13,11,0,0
BRDA:13,11,1,0
BRDA:13,12,0,0
BRDA:13,12,1,0
BRF:20
BRH:0
end_of_record
TN:
SF:src\logger\logger.middleware.ts
FN:7,(anonymous_2)
FN:9,(anonymous_3)
FN:13,(anonymous_4)
FNF:3
FNH:0
FNDA:0,(anonymous_2)
FNDA:0,(anonymous_3)
FNDA:0,(anonymous_4)
DA:1,0
DA:3,0
DA:6,0
DA:7,0
DA:10,0
DA:11,0
DA:13,0
DA:14,0
DA:15,0
DA:16,0
DA:28,0
LF:11
LH:0
BRDA:7,0,0,0
BRDA:7,0,1,0
BRDA:7,1,0,0
BRDA:7,1,1,0
BRF:4
BRH:0
end_of_record
TN:
SF:src\logger\logger.module.ts
FN:15,(anonymous_1)
FNF:1
FNH:0
FNDA:0,(anonymous_1)
DA:1,0
DA:7,0
DA:8,0
DA:14,0
DA:16,0
LF:5
LH:0
BRF:0
BRH:0
end_of_record
TN:
SF:src\logger\logger.service.ts
FN:12,(anonymous_3)
FN:34,(anonymous_4)
FN:39,(anonymous_5)
FN:56,(anonymous_6)
FN:61,(anonymous_7)
FN:67,(anonymous_8)
FN:72,(anonymous_9)
FN:77,(anonymous_10)
FNF:8
FNH:0
FNDA:0,(anonymous_3)
FNDA:0,(anonymous_4)
FNDA:0,(anonymous_5)
FNDA:0,(anonymous_6)
FNDA:0,(anonymous_7)
FNDA:0,(anonymous_8)
FNDA:0,(anonymous_9)
FNDA:0,(anonymous_10)
DA:1,0
DA:2,0
DA:3,0
DA:4,0
DA:7,0
DA:13,0
DA:15,0
DA:16,0
DA:18,0
DA:19,0
DA:21,0
DA:22,0
DA:24,0
DA:31,0
DA:35,0
DA:36,0
DA:40,0
DA:41,0
DA:42,0
DA:43,0
DA:44,0
DA:48,0
DA:49,0
DA:50,0
DA:51,0
DA:52,0
DA:57,0
DA:58,0
DA:62,0
DA:63,0
DA:64,0
DA:68,0
DA:69,0
DA:73,0
DA:74,0
DA:78,0
DA:79,0
LF:37
LH:0
BRDA:13,0,0,0
BRDA:13,0,1,0
BRDA:15,1,0,0
BRDA:15,1,1,0
BRDA:15,2,0,0
BRDA:15,2,1,0
BRDA:18,3,0,0
BRDA:18,3,1,0
BRDA:19,4,0,0
BRDA:19,4,1,0
BRDA:41,5,0,0
BRDA:41,5,1,0
BRDA:48,6,0,0
BRDA:48,6,1,0
BRDA:63,7,0,0
BRDA:63,7,1,0
BRF:16
BRH:0
end_of_record
TN:
SF:src\mail\mail.module.ts
FNF:0
FNH:0
DA:1,0
DA:2,0
DA:3,0
DA:10,0
LF:4
LH:0
BRF:0
BRH:0
end_of_record
TN:
SF:src\mail\mail.service.ts
FN:25,(anonymous_11)
FN:27,(anonymous_12)
FN:66,(anonymous_13)
FN:110,(anonymous_14)
FN:137,(anonymous_15)
FNF:5
FNH:0
FNDA:0,(anonymous_11)
FNDA:0,(anonymous_12)
FNDA:0,(anonymous_13)
FNDA:0,(anonymous_14)
FNDA:0,(anonymous_15)
DA:1,0
DA:2,0
DA:3,0
DA:4,0
DA:5,0
DA:6,0
DA:21,0
DA:22,0
DA:23,0
DA:25,0
DA:28,0
DA:29,0
DA:30,0
DA:32,0
DA:41,0
DA:43,0
DA:53,0
DA:54,0
DA:58,0
DA:62,0
DA:67,0
DA:68,0
DA:69,0
DA:71,0
DA:72,0
DA:85,0
DA:87,0
DA:97,0
DA:98,0
DA:102,0
DA:106,0
DA:111,0
DA:113,0
DA:123,0
DA:129,0
DA:130,0
DA:132,0
DA:133,0
DA:138,0
DA:139,0
DA:140,0
DA:141,0
DA:143,0
LF:43
LH:0
BRDA:71,0,0,0
BRDA:71,0,1,0
BRDA:138,1,0,0
BRDA:138,1,1,0
BRDA:140,2,0,0
BRDA:140,2,1,0
BRDA:25,3,0,0
BRDA:25,3,1,0
BRDA:25,4,0,0
BRDA:25,4,1,0
BRF:10
BRH:0
end_of_record
TN:
SF:src\projects\projects.controller.ts
FN:51,(anonymous_4)
FN:65,(anonymous_5)
FN:82,(anonymous_6)
FN:99,(anonymous_7)
FN:114,(anonymous_8)
FN:139,(anonymous_9)
FN:164,(anonymous_10)
FN:191,(anonymous_11)
FN:209,(anonymous_12)
FN:223,(anonymous_13)
FN:240,(anonymous_14)
FN:259,(anonymous_15)
FN:272,(anonymous_16)
FN:290,(anonymous_17)
FNF:14
FNH:0
FNDA:0,(anonymous_4)
FNDA:0,(anonymous_5)
FNDA:0,(anonymous_6)
FNDA:0,(anonymous_7)
FNDA:0,(anonymous_8)
FNDA:0,(anonymous_9)
FNDA:0,(anonymous_10)
FNDA:0,(anonymous_11)
FNDA:0,(anonymous_12)
FNDA:0,(anonymous_13)
FNDA:0,(anonymous_14)
FNDA:0,(anonymous_15)
FNDA:0,(anonymous_16)
FNDA:0,(anonymous_17)
DA:1,0
DA:17,0
DA:30,0
DA:31,0
DA:32,0
DA:33,0
DA:34,0
DA:35,0
DA:37,0
DA:38,0
DA:39,0
DA:40,0
DA:41,0
DA:42,0
DA:43,0
DA:44,0
DA:45,0
DA:50,0
DA:52,0
DA:53,0
DA:54,0
DA:55,0
DA:65,0
DA:66,0
DA:67,0
DA:82,0
DA:83,0
DA:99,0
DA:100,0
DA:101,0
DA:102,0
DA:114,0
DA:119,0
DA:120,0
DA:121,0
DA:127,0
DA:139,0
DA:144,0
DA:145,0
DA:146,0
DA:152,0
DA:164,0
DA:169,0
DA:170,0
DA:171,0
DA:177,0
DA:191,0
DA:196,0
DA:197,0
DA:198,0
DA:199,0
DA:209,0
DA:210,0
DA:211,0
DA:223,0
DA:228,0
DA:229,0
DA:230,0
DA:231,0
DA:240,0
DA:241,0
DA:242,0
DA:259,0
DA:260,0
DA:272,0
DA:277,0
DA:278,0
DA:279,0
DA:290,0
DA:291,0
DA:292,0
LF:71
LH:0
BRDA:70,0,0,0
BRDA:70,0,1,0
BRDA:71,1,0,0
BRDA:71,1,1,0
BRDA:245,2,0,0
BRDA:245,2,1,0
BRDA:246,3,0,0
BRDA:246,3,1,0
BRDA:247,4,0,0
BRDA:247,4,1,0
BRDA:65,5,0,0
BRDA:65,5,1,0
BRDA:65,6,0,0
BRDA:65,6,1,0
BRDA:99,7,0,0
BRDA:99,7,1,0
BRDA:99,8,0,0
BRDA:99,8,1,0
BRDA:116,9,0,0
BRDA:116,9,1,0
BRDA:116,10,0,0
BRDA:116,10,1,0
BRDA:141,11,0,0
BRDA:141,11,1,0
BRDA:141,12,0,0
BRDA:141,12,1,0
BRDA:166,13,0,0
BRDA:166,13,1,0
BRDA:166,14,0,0
BRDA:166,14,1,0
BRDA:240,15,0,0
BRDA:240,15,1,0
BRDA:240,16,0,0
BRDA:240,16,1,0
BRDA:274,17,0,0
BRDA:274,17,1,0
BRDA:274,18,0,0
BRDA:274,18,1,0
BRDA:290,19,0,0
BRDA:290,19,1,0
BRDA:290,20,0,0
BRDA:290,20,1,0
BRDA:52,21,0,0
BRDA:52,21,1,0
BRDA:52,22,0,0
BRDA:52,22,1,0
BRDA:52,23,0,0
BRDA:52,23,1,0
BRDA:52,24,0,0
BRDA:52,24,1,0
BRDA:53,25,0,0
BRDA:53,25,1,0
BRDA:53,26,0,0
BRDA:53,26,1,0
BRDA:54,27,0,0
BRDA:54,27,1,0
BRDA:54,28,0,0
BRDA:54,28,1,0
BRF:58
BRH:0
end_of_record
TN:
SF:src\projects\projects.module.ts
FNF:0
FNH:0
DA:1,0
DA:2,0
DA:3,0
DA:4,0
DA:5,0
DA:6,0
DA:7,0
DA:8,0
DA:9,0
DA:10,0
DA:11,0
DA:12,0
DA:13,0
DA:14,0
DA:41,0
LF:15
LH:0
BRF:0
BRH:0
end_of_record
TN:
SF:src\projects\dto\analytics-query.dto.ts
FN:7,(anonymous_2)
FN:12,(anonymous_3)
FN:17,(anonymous_4)
FNF:3
FNH:0
FNDA:0,(anonymous_2)
FNDA:0,(anonymous_3)
FNDA:0,(anonymous_4)
DA:1,0
DA:2,0
DA:4,0
DA:7,0
DA:8,0
DA:12,0
DA:13,0
DA:17,0
DA:18,0
DA:22,0
LF:10
LH:0
BRDA:7,0,0,0
BRDA:7,0,1,0
BRDA:12,1,0,0
BRDA:12,1,1,0
BRDA:17,2,0,0
BRDA:17,2,1,0
BRF:6
BRH:0
end_of_record
TN:
SF:src\projects\dto\create-project.dto.ts
FN:46,(anonymous_2)
FN:56,(anonymous_3)
FNF:2
FNH:0
FNDA:0,(anonymous_2)
FNDA:0,(anonymous_3)
DA:1,0
DA:10,0
DA:11,0
DA:12,0
DA:14,0
DA:21,0
DA:30,0
DA:38,0
DA:46,0
DA:49,0
DA:56,0
DA:57,0
DA:67,0
LF:13
LH:0
BRDA:57,0,0,0
BRDA:57,0,1,0
BRDA:57,1,0,0
BRDA:57,1,1,0
BRDA:67,2,0,0
BRDA:67,2,1,0
BRDA:67,3,0,0
BRDA:67,3,1,0
BRF:8
BRH:0
end_of_record
TN:
SF:src\projects\dto\get-projects-query.dto.ts
FN:53,(anonymous_2)
FN:66,(anonymous_3)
FNF:2
FNH:0
FNDA:0,(anonymous_2)
FNDA:0,(anonymous_3)
DA:1,0
DA:2,0
DA:3,0
DA:4,0
DA:5,0
DA:6,0
DA:8,0
DA:16,0
DA:25,0
DA:33,0
DA:43,0
DA:53,0
DA:57,0
DA:66,0
DA:69,0
LF:15
LH:0
BRDA:16,0,0,0
BRDA:16,0,1,0
BRDA:16,1,0,0
BRDA:16,1,1,0
BRDA:25,2,0,0
BRDA:25,2,1,0
BRDA:25,3,0,0
BRDA:25,3,1,0
BRDA:43,4,0,0
BRDA:43,4,1,0
BRDA:43,5,0,0
BRDA:43,5,1,0
BRF:12
BRH:0
end_of_record
TN:
SF:src\projects\dto\search-projects.dto.ts
FN:10,(anonymous_2)
FN:35,(anonymous_3)
FN:39,(anonymous_4)
FNF:3
FNH:0
FNDA:0,(anonymous_2)
FNDA:0,(anonymous_3)
FNDA:0,(anonymous_4)
DA:1,0
DA:2,0
DA:3,0
DA:4,0
DA:5,0
DA:7,0
DA:10,0
DA:11,0
DA:15,0
DA:19,0
DA:24,0
DA:29,0
DA:33,0
DA:35,0
DA:37,0
DA:39,0
DA:41,0
DA:45,0
DA:49,0
DA:53,0
DA:57,0
LF:21
LH:0
BRDA:15,0,0,0
BRDA:15,0,1,0
BRDA:15,1,0,0
BRDA:15,1,1,0
BRDA:19,2,0,0
BRDA:19,2,1,0
BRDA:19,3,0,0
BRDA:19,3,1,0
BRDA:33,4,0,0
BRDA:33,4,1,0
BRDA:33,5,0,0
BRDA:33,5,1,0
BRF:12
BRH:0
end_of_record
TN:
SF:src\projects\dto\update-project-status.dto.ts
FNF:0
FNH:0
DA:1,0
DA:2,0
DA:4,0
DA:8,0
DA:12,0
LF:5
LH:0
BRDA:8,0,0,0
BRDA:8,0,1,0
BRDA:8,1,0,0
BRDA:8,1,1,0
BRF:4
BRH:0
end_of_record
TN:
SF:src\projects\dto\upload-image.dto.ts
FN:18,(anonymous_2)
FNF:1
FNH:0
FNDA:0,(anonymous_2)
DA:1,0
DA:2,0
DA:4,0
DA:6,0
DA:9,0
DA:12,0
DA:16,0
DA:18,0
DA:19,0
DA:22,0
DA:24,0
LF:11
LH:0
BRF:0
BRH:0
end_of_record
TN:
SF:src\projects\entities\project-history.entity.ts
FN:30,(anonymous_2)
FN:37,(anonymous_3)
FNF:2
FNH:0
FNDA:0,(anonymous_2)
FNDA:0,(anonymous_3)
DA:1,0
DA:9,0
DA:10,0
DA:11,0
DA:14,0
DA:16,0
DA:19,0
DA:22,0
DA:25,0
DA:28,0
DA:30,0
DA:32,0
DA:35,0
DA:37,0
DA:39,0
DA:42,0
LF:16
LH:0
BRDA:19,0,0,0
BRDA:19,0,1,0
BRDA:19,1,0,0
BRDA:19,1,1,0
BRDA:22,2,0,0
BRDA:22,2,1,0
BRDA:22,3,0,0
BRDA:22,3,1,0
BRDA:32,4,0,0
BRDA:32,4,1,0
BRDA:32,5,0,0
BRDA:32,5,1,0
BRDA:39,6,0,0
BRDA:39,6,1,0
BRDA:39,7,0,0
BRDA:39,7,1,0
BRDA:42,8,0,0
BRDA:42,8,1,0
BRDA:42,9,0,0
BRDA:42,9,1,0
BRF:20
BRH:0
end_of_record
TN:
SF:src\projects\entities\project-image.entity.ts
FN:34,(anonymous_2)
FNF:1
FNH:0
FNDA:0,(anonymous_2)
DA:1,0
DA:9,0
DA:12,0
DA:14,0
DA:17,0
DA:20,0
DA:23,0
DA:26,0
DA:29,0
DA:32,0
DA:34,0
DA:36,0
DA:39,0
LF:13
LH:0
BRDA:36,0,0,0
BRDA:36,0,1,0
BRDA:36,1,0,0
BRDA:36,1,1,0
BRDA:39,2,0,0
BRDA:39,2,1,0
BRDA:39,3,0,0
BRDA:39,3,1,0
BRF:8
BRH:0
end_of_record
TN:
SF:src\projects\entities\project.entity.ts
FN:73,(anonymous_2)
FN:77,(anonymous_3)
FN:77,(anonymous_4)
FN:80,(anonymous_5)
FN:80,(anonymous_6)
FN:83,(anonymous_7)
FN:83,(anonymous_8)
FNF:7
FNH:0
FNDA:0,(anonymous_2)
FNDA:0,(anonymous_3)
FNDA:0,(anonymous_4)
FNDA:0,(anonymous_5)
FNDA:0,(anonymous_6)
FNDA:0,(anonymous_7)
FNDA:0,(anonymous_8)
DA:1,0
DA:12,0
DA:13,0
DA:14,0
DA:15,0
DA:16,0
DA:17,0
DA:24,0
DA:26,0
DA:29,0
DA:32,0
DA:35,0
DA:42,0
DA:49,0
DA:52,0
DA:55,0
DA:58,0
DA:61,0
DA:64,0
DA:67,0
DA:71,0
DA:73,0
DA:75,0
DA:77,0
DA:78,0
DA:80,0
DA:81,0
DA:83,0
DA:84,0
DA:87,0
DA:90,0
LF:31
LH:0
BRDA:42,0,0,0
BRDA:42,0,1,0
BRDA:42,1,0,0
BRDA:42,1,1,0
BRDA:49,2,0,0
BRDA:49,2,1,0
BRDA:49,3,0,0
BRDA:49,3,1,0
BRDA:75,4,0,0
BRDA:75,4,1,0
BRDA:75,5,0,0
BRDA:75,5,1,0
BRDA:87,6,0,0
BRDA:87,6,1,0
BRDA:87,7,0,0
BRDA:87,7,1,0
BRDA:90,8,0,0
BRDA:90,8,1,0
BRDA:90,9,0,0
BRDA:90,9,1,0
BRF:20
BRH:0
end_of_record
TN:
SF:src\projects\providers\projects.service.ts
FN:20,(anonymous_4)
FN:30,(anonymous_5)
FN:70,(anonymous_6)
FN:145,(anonymous_7)
FN:211,(anonymous_8)
FN:231,(anonymous_9)
FN:249,(anonymous_10)
FN:300,(anonymous_11)
FN:325,(anonymous_12)
FNF:9
FNH:0
FNDA:0,(anonymous_4)
FNDA:0,(anonymous_5)
FNDA:0,(anonymous_6)
FNDA:0,(anonymous_7)
FNDA:0,(anonymous_8)
FNDA:0,(anonymous_9)
FNDA:0,(anonymous_10)
FNDA:0,(anonymous_11)
FNDA:0,(anonymous_12)
DA:1,0
DA:7,0
DA:8,0
DA:9,0
DA:10,0
DA:11,0
DA:12,0
DA:13,0
DA:19,0
DA:22,0
DA:24,0
DA:26,0
DA:41,0
DA:44,0
DA:45,0
DA:46,0
DA:48,0
DA:49,0
DA:52,0
DA:66,0
DA:80,0
DA:82,0
DA:105,0
DA:106,0
DA:108,0
DA:113,0
DA:114,0
DA:117,0
DA:118,0
DA:124,0
DA:126,0
DA:127,0
DA:129,0
DA:130,0
DA:133,0
DA:134,0
DA:137,0
DA:139,0
DA:141,0
DA:146,0
DA:155,0
DA:156,0
DA:159,0
DA:171,0
DA:179,0
DA:180,0
DA:182,0
DA:184,0
DA:211,0
DA:235,0
DA:245,0
DA:255,0
DA:260,0
DA:261,0
DA:265,0
DA:266,0
DA:268,0
DA:269,0
DA:272,0
DA:275,0
DA:276,0
DA:281,0
DA:284,0
DA:285,0
DA:288,0
DA:296,0
DA:301,0
DA:309,0
DA:310,0
DA:311,0
DA:314,0
DA:326,0
LF:72
LH:0
BRDA:45,0,0,0
BRDA:45,0,1,0
BRDA:48,1,0,0
BRDA:48,1,1,0
BRDA:63,2,0,0
BRDA:63,2,1,0
BRDA:77,3,0,0
BRDA:78,4,0,0
BRDA:79,5,0,0
BRDA:105,6,0,0
BRDA:105,6,1,0
BRDA:113,7,0,0
BRDA:113,7,1,0
BRDA:117,8,0,0
BRDA:117,8,1,0
BRDA:124,9,0,0
BRDA:124,9,1,0
BRDA:124,9,2,0
BRDA:124,9,3,0
BRDA:155,10,0,0
BRDA:155,10,1,0
BRDA:179,11,0,0
BRDA:179,11,1,0
BRDA:180,12,0,0
BRDA:180,12,1,0
BRDA:182,13,0,0
BRDA:182,13,1,0
BRDA:206,14,0,0
BRDA:206,14,1,0
BRDA:207,15,0,0
BRDA:207,15,1,0
BRDA:208,16,0,0
BRDA:208,16,1,0
BRDA:218,17,0,0
BRDA:218,17,1,0
BRDA:218,18,0,0
BRDA:218,18,1,0
BRDA:245,19,0,0
BRDA:245,19,1,0
BRDA:260,20,0,0
BRDA:260,20,1,0
BRDA:268,21,0,0
BRDA:268,21,1,0
BRDA:268,22,0,0
BRDA:268,22,1,0
BRDA:275,23,0,0
BRDA:275,23,1,0
BRDA:291,24,0,0
BRDA:291,24,1,0
BRDA:22,25,0,0
BRDA:22,25,1,0
BRDA:22,26,0,0
BRDA:22,26,1,0
BRDA:22,27,0,0
BRDA:22,27,1,0
BRDA:22,28,0,0
BRDA:22,28,1,0
BRDA:24,29,0,0
BRDA:24,29,1,0
BRDA:24,30,0,0
BRDA:24,30,1,0
BRF:61
BRH:0
end_of_record
TN:
SF:src\projects\services\analytics.service.ts
FN:13,(anonymous_4)
FN:22,(anonymous_5)
FN:85,(anonymous_6)
FN:118,(anonymous_7)
FN:160,(anonymous_8)
FN:168,(anonymous_9)
FN:200,(anonymous_10)
FN:211,(anonymous_11)
FN:284,(anonymous_12)
FN:296,(anonymous_13)
FN:319,(anonymous_14)
FN:365,(anonymous_15)
FNF:12
FNH:0
FNDA:0,(anonymous_4)
FNDA:0,(anonymous_5)
FNDA:0,(anonymous_6)
FNDA:0,(anonymous_7)
FNDA:0,(anonymous_8)
FNDA:0,(anonymous_9)
FNDA:0,(anonymous_10)
FNDA:0,(anonymous_11)
FNDA:0,(anonymous_12)
FNDA:0,(anonymous_13)
FNDA:0,(anonymous_14)
FNDA:0,(anonymous_15)
DA:1,0
DA:2,0
DA:3,0
DA:4,0
DA:5,0
DA:6,0
DA:10,0
DA:11,0
DA:15,0
DA:17,0
DA:19,0
DA:28,0
DA:33,0
DA:34,0
DA:38,0
DA:39,0
DA:41,0
DA:42,0
DA:45,0
DA:48,0
DA:49,0
DA:52,0
DA:55,0
DA:58,0
DA:61,0
DA:63,0
DA:86,0
DA:108,0
DA:126,0
DA:128,0
DA:129,0
DA:131,0
DA:132,0
DA:135,0
DA:136,0
DA:139,0
DA:160,0
DA:169,0
DA:189,0
DA:200,0
DA:220,0
DA:222,0
DA:223,0
DA:224,0
DA:226,0
DA:227,0
DA:228,0
DA:231,0
DA:232,0
DA:233,0
DA:236,0
DA:261,0
DA:263,0
DA:264,0
DA:265,0
DA:267,0
DA:268,0
DA:269,0
DA:272,0
DA:281,0
DA:285,0
DA:287,0
DA:288,0
DA:291,0
DA:296,0
DA:299,0
DA:318,0
DA:320,0
DA:336,0
DA:352,0
DA:365,0
LF:71
LH:0
BRDA:33,0,0,0
BRDA:33,0,1,0
BRDA:41,1,0,0
BRDA:41,1,1,0
BRDA:41,2,0,0
BRDA:41,2,1,0
BRDA:45,3,0,0
BRDA:45,4,0,0
BRDA:48,5,0,0
BRDA:48,5,1,0
BRDA:49,6,0,0
BRDA:49,6,1,0
BRDA:109,7,0,0
BRDA:109,7,1,0
BRDA:110,8,0,0
BRDA:110,8,1,0
BRDA:111,9,0,0
BRDA:111,9,1,0
BRDA:112,10,0,0
BRDA:112,10,1,0
BRDA:113,11,0,0
BRDA:113,11,1,0
BRDA:114,12,0,0
BRDA:114,12,1,0
BRDA:126,13,0,0
BRDA:126,13,1,0
BRDA:126,13,2,0
BRDA:126,13,3,0
BRDA:201,14,0,0
BRDA:201,14,1,0
BRDA:202,15,0,0
BRDA:202,15,1,0
BRDA:203,16,0,0
BRDA:203,16,1,0
BRDA:204,17,0,0
BRDA:204,17,1,0
BRDA:220,18,0,0
BRDA:220,18,1,0
BRDA:220,18,2,0
BRDA:220,18,3,0
BRDA:268,19,0,0
BRDA:268,19,1,0
BRDA:268,20,0,0
BRDA:268,20,1,0
BRDA:277,21,0,0
BRDA:277,21,1,0
BRDA:285,22,0,0
BRDA:287,23,0,0
BRDA:287,23,1,0
BRDA:288,24,0,0
BRDA:288,24,1,0
BRDA:342,25,0,0
BRDA:342,25,1,0
BRDA:343,26,0,0
BRDA:343,26,1,0
BRDA:344,27,0,0
BRDA:344,27,1,0
BRDA:359,28,0,0
BRDA:359,28,1,0
BRDA:360,29,0,0
BRDA:360,29,1,0
BRDA:361,30,0,0
BRDA:361,30,1,0
BRDA:362,31,0,0
BRDA:362,31,1,0
BRDA:15,32,0,0
BRDA:15,32,1,0
BRDA:15,33,0,0
BRDA:15,33,1,0
BRDA:15,34,0,0
BRDA:15,34,1,0
BRDA:15,35,0,0
BRDA:15,35,1,0
BRDA:17,36,0,0
BRDA:17,36,1,0
BRDA:17,37,0,0
BRDA:17,37,1,0
BRF:77
BRH:0
end_of_record
TN:
SF:src\projects\services\image-upload.service.ts
FN:10,(anonymous_4)
FN:18,(anonymous_5)
FN:62,(anonymous_6)
FN:91,(anonymous_7)
FNF:4
FNH:0
FNDA:0,(anonymous_4)
FNDA:0,(anonymous_5)
FNDA:0,(anonymous_6)
FNDA:0,(anonymous_7)
DA:1,0
DA:2,0
DA:3,0
DA:4,0
DA:5,0
DA:6,0
DA:9,0
DA:12,0
DA:14,0
DA:15,0
DA:24,0
DA:29,0
DA:30,0
DA:34,0
DA:35,0
DA:37,0
DA:38,0
DA:41,0
DA:43,0
DA:44,0
DA:45,0
DA:47,0
DA:56,0
DA:59,0
DA:67,0
DA:72,0
DA:73,0
DA:77,0
DA:78,0
DA:80,0
DA:81,0
DA:85,0
DA:88,0
DA:92,0
LF:34
LH:0
BRDA:29,0,0,0
BRDA:29,0,1,0
BRDA:37,1,0,0
BRDA:37,1,1,0
BRDA:37,2,0,0
BRDA:37,2,1,0
BRDA:72,3,0,0
BRDA:72,3,1,0
BRDA:80,4,0,0
BRDA:80,4,1,0
BRDA:80,5,0,0
BRDA:80,5,1,0
BRDA:12,6,0,0
BRDA:12,6,1,0
BRDA:12,7,0,0
BRDA:12,7,1,0
BRDA:12,8,0,0
BRDA:12,8,1,0
BRDA:12,9,0,0
BRDA:12,9,1,0
BRDA:14,10,0,0
BRDA:14,10,1,0
BRDA:14,11,0,0
BRDA:14,11,1,0
BRF:24
BRH:0
end_of_record
TN:
SF:src\projects\services\search.service.ts
FN:14,(anonymous_4)
FN:19,(anonymous_5)
FN:173,(anonymous_6)
FN:193,(anonymous_7)
FN:197,(anonymous_8)
FN:205,(anonymous_9)
FN:238,(anonymous_10)
FNF:7
FNH:0
FNDA:0,(anonymous_4)
FNDA:0,(anonymous_5)
FNDA:0,(anonymous_6)
FNDA:0,(anonymous_7)
FNDA:0,(anonymous_8)
FNDA:0,(anonymous_9)
FNDA:0,(anonymous_10)
DA:1,0
DA:2,0
DA:3,0
DA:4,0
DA:5,0
DA:6,0
DA:7,0
DA:11,0
DA:12,0
DA:16,0
DA:37,0
DA:39,0
DA:62,0
DA:63,0
DA:66,0
DA:67,0
DA:68,0
DA:69,0
DA:70,0
DA:71,0
DA:73,0
DA:74,0
DA:78,0
DA:79,0
DA:80,0
DA:81,0
DA:82,0
DA:83,0
DA:87,0
DA:88,0
DA:89,0
DA:91,0
DA:92,0
DA:93,0
DA:97,0
DA:98,0
DA:99,0
DA:101,0
DA:102,0
DA:103,0
DA:107,0
DA:108,0
DA:111,0
DA:114,0
DA:117,0
DA:132,0
DA:133,0
DA:134,0
DA:138,0
DA:139,0
DA:143,0
DA:144,0
DA:147,0
DA:149,0
DA:150,0
DA:152,0
DA:153,0
DA:156,0
DA:157,0
DA:161,0
DA:162,0
DA:165,0
DA:166,0
DA:167,0
DA:170,0
DA:174,0
DA:177,0
DA:193,0
DA:196,0
DA:197,0
DA:198,0
DA:200,0
DA:202,0
DA:212,0
DA:225,0
DA:232,0
DA:233,0
DA:234,0
DA:235,0
DA:236,0
DA:238,0
DA:239,0
DA:240,0
DA:242,0
DA:243,0
DA:245,0
DA:246,0
DA:247,0
DA:248,0
DA:252,0
LF:90
LH:0
BRDA:30,0,0,0
BRDA:31,1,0,0
BRDA:32,2,0,0
BRDA:66,3,0,0
BRDA:66,3,1,0
BRDA:66,4,0,0
BRDA:66,4,1,0
BRDA:69,5,0,0
BRDA:69,5,1,0
BRDA:78,6,0,0
BRDA:78,6,1,0
BRDA:78,7,0,0
BRDA:78,7,1,0
BRDA:81,8,0,0
BRDA:81,8,1,0
BRDA:87,9,0,0
BRDA:87,9,1,0
BRDA:91,10,0,0
BRDA:91,10,1,0
BRDA:97,11,0,0
BRDA:97,11,1,0
BRDA:101,12,0,0
BRDA:101,12,1,0
BRDA:107,13,0,0
BRDA:107,13,1,0
BRDA:107,14,0,0
BRDA:107,14,1,0
BRDA:138,15,0,0
BRDA:138,15,1,0
BRDA:143,16,0,0
BRDA:143,16,1,0
BRDA:143,17,0,0
BRDA:143,17,1,0
BRDA:147,18,0,0
BRDA:147,18,1,0
BRDA:147,18,2,0
BRDA:147,18,3,0
BRDA:166,19,0,0
BRDA:166,19,1,0
BRDA:166,20,0,0
BRDA:166,20,1,0
BRDA:242,21,0,0
BRDA:242,21,1,0
BRDA:243,22,0,0
BRDA:243,22,1,0
BRDA:245,23,0,0
BRDA:245,23,1,0
BRDA:256,24,0,0
BRDA:256,24,1,0
BRDA:257,25,0,0
BRDA:257,25,1,0
BRDA:16,26,0,0
BRDA:16,26,1,0
BRDA:16,27,0,0
BRDA:16,27,1,0
BRF:55
BRH:0
end_of_record
TN:
SF:src\types\multer.d.ts
FNF:0
FNH:0
LF:0
LH:0
BRF:0
BRH:0
end_of_record
TN:
SF:src\users\admin-users.controller.ts
FN:33,(anonymous_4)
FN:41,(anonymous_5)
FN:57,(anonymous_6)
FN:67,(anonymous_7)
FN:77,(anonymous_8)
FNF:5
FNH:0
FNDA:0,(anonymous_4)
FNDA:0,(anonymous_5)
FNDA:0,(anonymous_6)
FNDA:0,(anonymous_7)
FNDA:0,(anonymous_8)
DA:1,0
DA:13,0
DA:20,0
DA:21,0
DA:22,0
DA:23,0
DA:24,0
DA:25,0
DA:32,0
DA:33,0
DA:41,0
DA:42,0
DA:43,0
DA:57,0
DA:58,0
DA:67,0
DA:68,0
DA:77,0
DA:78,0
LF:19
LH:0
BRDA:46,0,0,0
BRDA:46,0,1,0
BRDA:47,1,0,0
BRDA:47,1,1,0
BRDA:41,2,0,0
BRDA:41,2,1,0
BRDA:41,3,0,0
BRDA:41,3,1,0
BRDA:67,4,0,0
BRDA:67,4,1,0
BRDA:67,5,0,0
BRDA:67,5,1,0
BRDA:33,6,0,0
BRDA:33,6,1,0
BRDA:33,7,0,0
BRDA:33,7,1,0
BRF:16
BRH:0
end_of_record
TN:
SF:src\users\users.controller.ts
FN:38,(anonymous_4)
FN:49,(anonymous_5)
FN:60,(anonymous_6)
FN:75,(anonymous_7)
FN:89,(anonymous_8)
FN:99,(anonymous_9)
FN:110,(anonymous_10)
FN:125,(anonymous_11)
FNF:8
FNH:0
FNDA:0,(anonymous_4)
FNDA:0,(anonymous_5)
FNDA:0,(anonymous_6)
FNDA:0,(anonymous_7)
FNDA:0,(anonymous_8)
FNDA:0,(anonymous_9)
FNDA:0,(anonymous_10)
FNDA:0,(anonymous_11)
DA:1,0
DA:14,0
DA:15,0
DA:22,0
DA:23,0
DA:24,0
DA:25,0
DA:26,0
DA:27,0
DA:28,0
DA:30,0
DA:31,0
DA:32,0
DA:33,0
DA:37,0
DA:39,0
DA:40,0
DA:49,0
DA:50,0
DA:60,0
DA:64,0
DA:75,0
DA:79,0
DA:80,0
DA:89,0
DA:90,0
DA:99,0
DA:100,0
DA:110,0
DA:111,0
DA:112,0
DA:125,0
DA:131,0
DA:132,0
DA:134,0
LF:35
LH:0
BRDA:131,0,0,0
BRDA:131,0,1,0
BRDA:62,1,0,0
BRDA:62,1,1,0
BRDA:62,2,0,0
BRDA:62,2,1,0
BRDA:77,3,0,0
BRDA:77,3,1,0
BRDA:77,4,0,0
BRDA:77,4,1,0
BRDA:89,5,0,0
BRDA:89,5,1,0
BRDA:89,6,0,0
BRDA:89,6,1,0
BRDA:99,7,0,0
BRDA:99,7,1,0
BRDA:99,8,0,0
BRDA:99,8,1,0
BRDA:110,9,0,0
BRDA:110,9,1,0
BRDA:110,10,0,0
BRDA:110,10,1,0
BRDA:128,11,0,0
BRDA:128,11,1,0
BRDA:128,12,0,0
BRDA:128,12,1,0
BRDA:39,13,0,0
BRDA:39,13,1,0
BRDA:39,14,0,0
BRDA:39,14,1,0
BRDA:39,15,0,0
BRDA:39,15,1,0
BRDA:39,16,0,0
BRDA:39,16,1,0
BRF:34
BRH:0
end_of_record
TN:
SF:src\users\users.module.ts
FNF:0
FNH:0
DA:1,0
DA:2,0
DA:3,0
DA:4,0
DA:5,0
DA:6,0
DA:7,0
DA:8,0
DA:16,0
LF:9
LH:0
BRF:0
BRH:0
end_of_record
TN:
SF:src\users\dto\admin-get-users-query.dto.ts
FN:44,(anonymous_2)
FN:57,(anonymous_3)
FNF:2
FNH:0
FNDA:0,(anonymous_2)
FNDA:0,(anonymous_3)
DA:1,0
DA:2,0
DA:3,0
DA:4,0
DA:5,0
DA:7,0
DA:15,0
DA:25,0
DA:34,0
DA:44,0
DA:48,0
DA:57,0
DA:60,0
LF:13
LH:0
BRDA:15,0,0,0
BRDA:15,0,1,0
BRDA:15,1,0,0
BRDA:15,1,1,0
BRDA:25,2,0,0
BRDA:25,2,1,0
BRDA:25,3,0,0
BRDA:25,3,1,0
BRF:8
BRH:0
end_of_record
TN:
SF:src\users\dto\change-password.dto.ts
FNF:0
FNH:0
DA:1,0
DA:2,0
DA:4,0
DA:11,0
DA:29,0
LF:5
LH:0
BRF:0
BRH:0
end_of_record
TN:
SF:src\users\dto\forgot-password.dto.ts
FNF:0
FNH:0
DA:1,0
DA:2,0
DA:4,0
DA:12,0
LF:4
LH:0
BRF:0
BRH:0
end_of_record
TN:
SF:src\users\dto\profile-response.dto.ts
FNF:0
FNH:0
DA:1,0
DA:2,0
DA:3,0
DA:5,0
DA:10,0
DA:16,0
DA:19,0
DA:22,0
DA:29,0
DA:36,0
DA:43,0
DA:50,0
DA:57,0
DA:60,0
DA:67,0
DA:74,0
DA:81,0
DA:87,0
DA:90,0
DA:98,0
LF:20
LH:0
BRDA:29,0,0,0
BRDA:29,0,1,0
BRDA:29,1,0,0
BRDA:29,1,1,0
BRDA:67,2,0,0
BRDA:67,2,1,0
BRDA:67,3,0,0
BRDA:67,3,1,0
BRDA:87,4,0,0
BRDA:87,4,1,0
BRDA:87,5,0,0
BRDA:87,5,1,0
BRDA:90,6,0,0
BRDA:90,6,1,0
BRDA:90,7,0,0
BRDA:90,7,1,0
BRF:16
BRH:0
end_of_record
TN:
SF:src\users\dto\reset-password.dto.ts
FNF:0
FNH:0
DA:1,0
DA:2,0
DA:4,0
DA:11,0
DA:23,0
LF:5
LH:0
BRF:0
BRH:0
end_of_record
TN:
SF:src\users\dto\submit-kyc.dto.ts
FNF:0
FNH:0
DA:1,0
DA:2,0
DA:4,0
DA:12,0
LF:4
LH:0
BRF:0
BRH:0
end_of_record
TN:
SF:src\users\dto\update-kyc.dto.ts
FNF:0
FNH:0
DA:1,0
DA:2,0
DA:3,0
DA:5,0
DA:13,0
DA:21,0
LF:6
LH:0
BRDA:13,0,0,0
BRDA:13,0,1,0
BRDA:13,1,0,0
BRDA:13,1,1,0
BRF:4
BRH:0
end_of_record
TN:
SF:src\users\dto\update-user-role.dto.ts
FNF:0
FNH:0
DA:1,0
DA:2,0
DA:3,0
DA:5,0
DA:12,0
LF:5
LH:0
BRDA:12,0,0,0
BRDA:12,0,1,0
BRDA:12,1,0,0
BRDA:12,1,1,0
BRF:4
BRH:0
end_of_record
TN:
SF:src\users\dto\update-user.dto.ts
FNF:0
FNH:0
DA:1,0
DA:8,0
DA:10,0
DA:19,0
DA:29,0
DA:39,0
DA:49,0
DA:58,0
DA:70,0
LF:9
LH:0
BRF:0
BRH:0
end_of_record
TN:
SF:src\users\entities\user.entity.ts
FNF:0
FNH:0
DA:1,1
DA:2,1
DA:3,1
DA:16,1
DA:18,1
DA:21,1
DA:24,1
DA:27,1
DA:30,1
DA:33,1
DA:36,1
DA:39,1
DA:42,1
DA:49,1
DA:52,1
DA:55,1
DA:58,1
DA:61,1
DA:64,1
DA:67,1
DA:70,1
DA:77,1
DA:80,1
DA:83,1
DA:86,1
DA:89,1
DA:92,1
DA:95,1
DA:98,1
LF:29
LH:29
BRDA:49,0,0,0
BRDA:49,0,1,1
BRDA:49,1,0,1
BRDA:49,1,1,1
BRDA:77,2,0,0
BRDA:77,2,1,1
BRDA:77,3,0,1
BRDA:77,3,1,1
BRDA:92,4,0,1
BRDA:92,4,1,0
BRDA:92,5,0,1
BRDA:92,5,1,1
BRDA:95,6,0,1
BRDA:95,6,1,0
BRDA:95,7,0,1
BRDA:95,7,1,1
BRF:16
BRH:12
end_of_record
TN:
SF:src\users\providers\users.service.ts
FN:17,(anonymous_4)
FN:22,(anonymous_5)
FN:44,(anonymous_6)
FN:53,(anonymous_7)
FN:58,(anonymous_8)
FN:68,(anonymous_9)
FN:96,(anonymous_10)
FN:135,(anonymous_11)
FN:168,(anonymous_12)
FN:174,(anonymous_13)
FN:180,(anonymous_14)
FN:188,(anonymous_15)
FNF:12
FNH:0
FNDA:0,(anonymous_4)
FNDA:0,(anonymous_5)
FNDA:0,(anonymous_6)
FNDA:0,(anonymous_7)
FNDA:0,(anonymous_8)
FNDA:0,(anonymous_9)
FNDA:0,(anonymous_10)
FNDA:0,(anonymous_11)
FNDA:0,(anonymous_12)
FNDA:0,(anonymous_13)
FNDA:0,(anonymous_14)
FNDA:0,(anonymous_15)
DA:1,0
DA:6,0
DA:7,0
DA:8,0
DA:11,0
DA:16,0
DA:19,0
DA:23,0
DA:45,0
DA:46,0
DA:47,0
DA:49,0
DA:54,0
DA:62,0
DA:63,0
DA:64,0
DA:72,0
DA:74,0
DA:75,0
DA:76,0
DA:77,0
DA:78,0
DA:79,0
DA:81,0
DA:82,0
DA:84,0
DA:85,0
DA:89,0
DA:92,0
DA:97,0
DA:101,0
DA:109,0
DA:110,0
DA:114,0
DA:136,0
DA:140,0
DA:141,0
DA:144,0
DA:145,0
DA:150,0
DA:151,0
DA:152,0
DA:153,0
DA:155,0
DA:161,0
DA:165,0
DA:167,0
DA:168,0
DA:175,0
DA:176,0
DA:181,0
DA:182,0
DA:183,0
DA:184,0
DA:189,0
DA:190,0
DA:191,0
LF:57
LH:0
BRDA:46,0,0,0
BRDA:46,0,1,0
BRDA:74,1,0,0
BRDA:74,1,1,0
BRDA:75,2,0,0
BRDA:75,2,1,0
BRDA:76,3,0,0
BRDA:76,3,1,0
BRDA:77,4,0,0
BRDA:77,4,1,0
BRDA:78,5,0,0
BRDA:78,5,1,0
BRDA:79,6,0,0
BRDA:79,6,1,0
BRDA:84,7,0,0
BRDA:84,7,1,0
BRDA:140,8,0,0
BRDA:140,8,1,0
BRDA:144,9,0,0
BRDA:144,9,1,0
BRDA:150,10,0,0
BRDA:150,10,1,0
BRDA:162,11,0,0
BRDA:162,11,1,0
BRDA:163,12,0,0
BRDA:163,12,1,0
BRDA:19,13,0,0
BRDA:19,13,1,0
BRDA:19,14,0,0
BRDA:19,14,1,0
BRF:30
BRH:0
end_of_record
